#
# There is insufficient memory for the Java Runtime Environment to continue.
# Native memory allocation (malloc) failed to allocate 32744 bytes. Error detail: Chunk::new
# Possible reasons:
#   The system is out of physical RAM or swap space
#   This process is running with CompressedOops enabled, and the Java Heap may be blocking the growth of the native heap
# Possible solutions:
#   Reduce memory load on the system
#   Increase physical memory or swap space
#   Check if swap backing store is full
#   Decrease Java heap size (-Xmx/-Xms)
#   Decrease number of Java threads
#   Decrease Java thread stack sizes (-Xss)
#   Set larger code cache with -XX:ReservedCodeCacheSize=
#   JVM is running with Unscaled Compressed Oops mode in which the Java heap is
#     placed in the first 4GB address space. The Java Heap base address is the
#     maximum limit for the native heap growth. Please use -XX:HeapBaseMinAddress
#     to set the Java Heap base and to place the Java Heap above 4GB virtual address.
# This output file may be truncated or incomplete.
#
#  Out of Memory Error (arena.cpp:168), pid=16256, tid=10864
#
# JRE version: OpenJDK Runtime Environment Temurin-21.0.6+7 (21.0.6+7) (build 21.0.6+7-LTS)
# Java VM: OpenJDK 64-Bit Server VM Temurin-21.0.6+7 (21.0.6+7-LTS, mixed mode, sharing, tiered, compressed oops, compressed class ptrs, parallel gc, windows-amd64)
# No core dump will be written. Minidumps are not enabled by default on client versions of Windows
#

---------------  S U M M A R Y ------------

Command Line: --add-modules=ALL-SYSTEM --add-opens=java.base/java.util=ALL-UNNAMED --add-opens=java.base/java.lang=ALL-UNNAMED --add-opens=java.base/sun.nio.fs=ALL-UNNAMED -Declipse.application=org.eclipse.jdt.ls.core.id1 -Dosgi.bundles.defaultStartLevel=4 -Declipse.product=org.eclipse.jdt.ls.core.product -Djava.import.generatesMetadataFilesAtProjectRoot=false -DDetectVMInstallationsJob.disabled=true -Dfile.encoding=utf8 -XX:+UseParallelGC -XX:GCTimeRatio=4 -XX:AdaptiveSizePolicyWeight=90 -Dsun.zip.disableMemoryMapping=true -Xmx1G -Xms100m -Xlog:disable -javaagent:c:\Users\MINEDUCYT\.vscode\extensions\redhat.java-1.41.1-win32-x64\lombok\lombok-1.18.36.jar c:\Users\MINEDUCYT\.vscode\extensions\redhat.java-1.41.1-win32-x64\server\plugins\org.eclipse.equinox.launcher_1.7.0.v20250331-1702.jar -configuration c:\Users\MINEDUCYT\AppData\Roaming\Code\User\globalStorage\redhat.java\1.41.1\config_ss_win -data c:\Users\MINEDUCYT\AppData\Roaming\Code\User\workspaceStorage\35a9dc1ab381eb81536d2b081a1e5cb3\redhat.java\ss_ws --pipe=\\.\pipe\lsp-3a590702675db08fae8ee69b29e22c96-sock

Host: Intel(R) Celeron(R) N4120 CPU @ 1.10GHz, 4 cores, 3G,  Windows 10 , 64 bit Build 19041 (10.0.19041.5678)
Time: Mon Apr 21 22:10:45 2025 Hora estándar, América Central elapsed time: 6.409353 seconds (0d 0h 0m 6s)

---------------  T H R E A D  ---------------

Current thread (0x000001a1af440660):  JavaThread "C2 CompilerThread0" daemon [_thread_in_native, id=10864, stack(0x00000057dbc00000,0x00000057dbd00000) (1024K)]


Current CompileTask:
C2:6409 2653       4       org.lombokweb.asm.ClassReader::readMethod (1070 bytes)

Stack: [0x00000057dbc00000,0x00000057dbd00000]
Native frames: (J=compiled Java code, j=interpreted, Vv=VM code, C=native code)
V  [jvm.dll+0x6cdee9]
V  [jvm.dll+0x8a83d1]
V  [jvm.dll+0x8aa8fe]
V  [jvm.dll+0x8aafe3]
V  [jvm.dll+0x27f706]
V  [jvm.dll+0xc500d]
V  [jvm.dll+0xc5543]
V  [jvm.dll+0xc5135]
V  [jvm.dll+0x6aa647]
V  [jvm.dll+0x6f66d6]
V  [jvm.dll+0x718655]
V  [jvm.dll+0x1dff11]
V  [jvm.dll+0x247b42]
V  [jvm.dll+0x246fcf]
V  [jvm.dll+0x1c75ee]
V  [jvm.dll+0x25685a]
V  [jvm.dll+0x254dfa]
V  [jvm.dll+0x3f0256]
V  [jvm.dll+0x851f8b]
V  [jvm.dll+0x6cc5ed]
C  [ucrtbase.dll+0x21bb2]
C  [KERNEL32.DLL+0x17374]
C  [ntdll.dll+0x4cc91]


---------------  P R O C E S S  ---------------

Threads class SMR info:
_java_thread_list=0x000001a1f68107b0, length=20, elements={
0x000001a1990be2b0, 0x000001a1af436070, 0x000001a1af437970, 0x000001a1af43a500,
0x000001a1af43d220, 0x000001a1af43ede0, 0x000001a1af43f830, 0x000001a1af440660,
0x000001a1af4b54f0, 0x000001a1991888e0, 0x000001a1f14b6f30, 0x000001a1f18cfba0,
0x000001a1f1903030, 0x000001a1f19046b0, 0x000001a1f1969b20, 0x000001a1f19ecc80,
0x000001a1f1d803a0, 0x000001a1f1de3970, 0x000001a1f61ef1c0, 0x000001a1f62ee090
}

Java Threads: ( => current thread )
  0x000001a1990be2b0 JavaThread "main"                              [_thread_blocked, id=11256, stack(0x00000057db200000,0x00000057db300000) (1024K)]
  0x000001a1af436070 JavaThread "Reference Handler"          daemon [_thread_blocked, id=15996, stack(0x00000057db600000,0x00000057db700000) (1024K)]
  0x000001a1af437970 JavaThread "Finalizer"                  daemon [_thread_blocked, id=6784, stack(0x00000057db700000,0x00000057db800000) (1024K)]
  0x000001a1af43a500 JavaThread "Signal Dispatcher"          daemon [_thread_blocked, id=14976, stack(0x00000057db800000,0x00000057db900000) (1024K)]
  0x000001a1af43d220 JavaThread "Attach Listener"            daemon [_thread_blocked, id=14472, stack(0x00000057db900000,0x00000057dba00000) (1024K)]
  0x000001a1af43ede0 JavaThread "Service Thread"             daemon [_thread_blocked, id=15180, stack(0x00000057dba00000,0x00000057dbb00000) (1024K)]
  0x000001a1af43f830 JavaThread "Monitor Deflation Thread"   daemon [_thread_blocked, id=9732, stack(0x00000057dbb00000,0x00000057dbc00000) (1024K)]
=>0x000001a1af440660 JavaThread "C2 CompilerThread0"         daemon [_thread_in_native, id=10864, stack(0x00000057dbc00000,0x00000057dbd00000) (1024K)]
  0x000001a1af4b54f0 JavaThread "C1 CompilerThread0"         daemon [_thread_in_native, id=5212, stack(0x00000057dbd00000,0x00000057dbe00000) (1024K)]
  0x000001a1991888e0 JavaThread "Common-Cleaner"             daemon [_thread_blocked, id=13140, stack(0x00000057dbe00000,0x00000057dbf00000) (1024K)]
  0x000001a1f14b6f30 JavaThread "Notification Thread"        daemon [_thread_blocked, id=13384, stack(0x00000057dbf00000,0x00000057dc000000) (1024K)]
  0x000001a1f18cfba0 JavaThread "Active Thread: Equinox Container: 9b22eda0-05ab-4d88-a6c9-dfbdc4fff45f"        [_thread_blocked, id=14544, stack(0x00000057dc300000,0x00000057dc400000) (1024K)]
  0x000001a1f1903030 JavaThread "Framework Event Dispatcher: Equinox Container: 9b22eda0-05ab-4d88-a6c9-dfbdc4fff45f" daemon [_thread_blocked, id=15852, stack(0x00000057dc400000,0x00000057dc500000) (1024K)]
  0x000001a1f19046b0 JavaThread "Start Level: Equinox Container: 9b22eda0-05ab-4d88-a6c9-dfbdc4fff45f" daemon [_thread_in_vm, id=3228, stack(0x00000057dc500000,0x00000057dc600000) (1024K)]
  0x000001a1f1969b20 JavaThread "SCR Component Actor"        daemon [_thread_blocked, id=14348, stack(0x00000057dc600000,0x00000057dc700000) (1024K)]
  0x000001a1f19ecc80 JavaThread "SCR Component Registry"     daemon [_thread_blocked, id=15860, stack(0x00000057dc700000,0x00000057dc800000) (1024K)]
  0x000001a1f1d803a0 JavaThread "Worker-JM"                         [_thread_blocked, id=7380, stack(0x00000057dc800000,0x00000057dc900000) (1024K)]
  0x000001a1f1de3970 JavaThread "JNA Cleaner"                daemon [_thread_blocked, id=5848, stack(0x00000057dc900000,0x00000057dca00000) (1024K)]
  0x000001a1f61ef1c0 JavaThread "Worker-0"                          [_thread_blocked, id=8604, stack(0x00000057dca00000,0x00000057dcb00000) (1024K)]
  0x000001a1f62ee090 JavaThread "Worker-1"                          [_thread_blocked, id=7244, stack(0x00000057dcb00000,0x00000057dcc00000) (1024K)]
Total: 20

Other Threads:
  0x000001a1af41c150 VMThread "VM Thread"                           [id=420, stack(0x00000057db500000,0x00000057db600000) (1024K)]
  0x000001a1af391160 WatcherThread "VM Periodic Task Thread"        [id=2280, stack(0x00000057db400000,0x00000057db500000) (1024K)]
  0x000001a1990dc6d0 WorkerThread "GC Thread#0"                     [id=15412, stack(0x00000057db300000,0x00000057db400000) (1024K)]
  0x000001a1f1929d10 WorkerThread "GC Thread#1"                     [id=584, stack(0x00000057dc000000,0x00000057dc100000) (1024K)]
  0x000001a1f1ac5fd0 WorkerThread "GC Thread#2"                     [id=14036, stack(0x00000057dc100000,0x00000057dc200000) (1024K)]
  0x000001a1f1ac6370 WorkerThread "GC Thread#3"                     [id=13768, stack(0x00000057dc200000,0x00000057dc300000) (1024K)]
Total: 6

Threads with active compile tasks:
C2 CompilerThread0  6457 2653       4       org.lombokweb.asm.ClassReader::readMethod (1070 bytes)
C1 CompilerThread0  6457 2917       2       org.eclipse.core.runtime.Assert::isNotNull (19 bytes)
Total: 2

VM state: not at safepoint (normal execution)

VM Mutex/Monitor currently owned by a thread: None

Heap address: 0x00000000c0000000, size: 1024 MB, Compressed Oops mode: 32-bit

CDS archive(s) mapped at: [0x000001a1b0000000-0x000001a1b0ba0000-0x000001a1b0ba0000), size 12189696, SharedBaseAddress: 0x000001a1b0000000, ArchiveRelocationMode: 1.
Compressed class space mapped at: 0x000001a1b1000000-0x000001a1f1000000, reserved size: 1073741824
Narrow klass base: 0x000001a1b0000000, Narrow klass shift: 0, Narrow klass range: 0x100000000

GC Precious Log:
 CardTable entry size: 512
 CPUs: 4 total, 4 available
 Memory: 3917M
 Large Page Support: Disabled
 NUMA Support: Disabled
 Compressed Oops: Enabled (32-bit)
 Alignments: Space 512K, Generation 512K, Heap 2M
 Heap Min Capacity: 100M
 Heap Initial Capacity: 100M
 Heap Max Capacity: 1G
 Pre-touch: Disabled
 Parallel Workers: 4

Heap:
 PSYoungGen      total 27648K, used 10469K [0x00000000eab00000, 0x00000000eca00000, 0x0000000100000000)
  eden space 24576K, 32% used [0x00000000eab00000,0x00000000eb2b0748,0x00000000ec300000)
  from space 3072K, 84% used [0x00000000ec400000,0x00000000ec688f38,0x00000000ec700000)
  to   space 3072K, 0% used [0x00000000ec700000,0x00000000ec700000,0x00000000eca00000)
 ParOldGen       total 68608K, used 8422K [0x00000000c0000000, 0x00000000c4300000, 0x00000000eab00000)
  object space 68608K, 12% used [0x00000000c0000000,0x00000000c0839a78,0x00000000c4300000)
 Metaspace       used 23928K, committed 24640K, reserved 1114112K
  class space    used 2228K, committed 2496K, reserved 1048576K

Card table byte_map: [0x000001a1acd80000,0x000001a1acf90000] _byte_map_base: 0x000001a1ac780000

Marking Bits: (ParMarkBitMap*) 0x00007ffede8e3260
 Begin Bits: [0x000001a1ad0f0000, 0x000001a1ae0f0000)
 End Bits:   [0x000001a1ae0f0000, 0x000001a1af0f0000)

Polling page: 0x000001a198f60000

Metaspace:

Usage:
  Non-class:     21.19 MB used.
      Class:      2.18 MB used.
       Both:     23.37 MB used.

Virtual space:
  Non-class space:       64.00 MB reserved,      21.62 MB ( 34%) committed,  1 nodes.
      Class space:        1.00 GB reserved,       2.44 MB ( <1%) committed,  1 nodes.
             Both:        1.06 GB reserved,      24.06 MB (  2%) committed. 

Chunk freelists:
   Non-Class:  10.20 MB
       Class:  13.44 MB
        Both:  23.64 MB

MaxMetaspaceSize: unlimited
CompressedClassSpaceSize: 1.00 GB
Initial GC threshold: 21.00 MB
Current GC threshold: 35.00 MB
CDS: on
 - commit_granule_bytes: 65536.
 - commit_granule_words: 8192.
 - virtual_space_node_default_size: 8388608.
 - enlarge_chunks_in_place: 1.
 - use_allocation_guard: 0.


Internal statistics:

num_allocs_failed_limit: 3.
num_arena_births: 516.
num_arena_deaths: 14.
num_vsnodes_births: 2.
num_vsnodes_deaths: 0.
num_space_committed: 385.
num_space_uncommitted: 0.
num_chunks_returned_to_freelist: 17.
num_chunks_taken_from_freelist: 1414.
num_chunk_merges: 9.
num_chunk_splits: 931.
num_chunks_enlarged: 602.
num_inconsistent_stats: 0.

CodeHeap 'non-profiled nmethods': size=120000Kb used=1057Kb max_used=1057Kb free=118942Kb
 bounds [0x000001a1a5670000, 0x000001a1a58e0000, 0x000001a1acba0000]
CodeHeap 'profiled nmethods': size=120000Kb used=5835Kb max_used=5835Kb free=114164Kb
 bounds [0x000001a19dba0000, 0x000001a19e160000, 0x000001a1a50d0000]
CodeHeap 'non-nmethods': size=5760Kb used=1325Kb max_used=1326Kb free=4434Kb
 bounds [0x000001a1a50d0000, 0x000001a1a5340000, 0x000001a1a5670000]
 total_blobs=3509 nmethods=2897 adapters=519
 compilation: enabled
              stopped_count=0, restarted_count=0
 full_count=0

Compilation events (20 events):
Event: 6.344 Thread 0x000001a1af4b54f0 2908       2       org.eclipse.core.internal.preferences.PreferencesService::get (62 bytes)
Event: 6.345 Thread 0x000001a1af4b54f0 nmethod 2908 0x000001a19e150a90 code [0x000001a19e150c60, 0x000001a19e150f08]
Event: 6.345 Thread 0x000001a1af4b54f0 2907       2       org.eclipse.core.internal.preferences.EclipsePreferences::get (16 bytes)
Event: 6.345 Thread 0x000001a1af4b54f0 nmethod 2907 0x000001a19e151110 code [0x000001a19e1512c0, 0x000001a19e151400]
Event: 6.347 Thread 0x000001a1af4b54f0 2909       2       java.util.Hashtable$Enumerator::hasMoreElements (53 bytes)
Event: 6.347 Thread 0x000001a1af4b54f0 nmethod 2909 0x000001a19e151490 code [0x000001a19e151640, 0x000001a19e151810]
Event: 6.347 Thread 0x000001a1af4b54f0 2910       1       java.util.Hashtable$Entry::getKey (5 bytes)
Event: 6.348 Thread 0x000001a1af4b54f0 nmethod 2910 0x000001a1a5778090 code [0x000001a1a5778220, 0x000001a1a57782e8]
Event: 6.348 Thread 0x000001a1af4b54f0 2912       2       java.util.Hashtable$Enumerator::hasNext (5 bytes)
Event: 6.348 Thread 0x000001a1af4b54f0 nmethod 2912 0x000001a19e151910 code [0x000001a19e151ac0, 0x000001a19e151be8]
Event: 6.348 Thread 0x000001a1af4b54f0 2913       2       java.util.Hashtable$Enumerator::next (27 bytes)
Event: 6.348 Thread 0x000001a1af4b54f0 nmethod 2913 0x000001a19e151c90 code [0x000001a19e151e60, 0x000001a19e152060]
Event: 6.348 Thread 0x000001a1af4b54f0 2911       1       java.util.Hashtable$Entry::getValue (5 bytes)
Event: 6.348 Thread 0x000001a1af4b54f0 nmethod 2911 0x000001a1a5778390 code [0x000001a1a5778520, 0x000001a1a57785e8]
Event: 6.356 Thread 0x000001a1af4b54f0 2914       3       java.util.Hashtable$Enumerator::hasMoreElements (53 bytes)
Event: 6.357 Thread 0x000001a1af4b54f0 nmethod 2914 0x000001a19e152190 code [0x000001a19e152340, 0x000001a19e1525b8]
Event: 6.372 Thread 0x000001a1af4b54f0 2915       2       java.nio.charset.CoderResult::isUnderflow (13 bytes)
Event: 6.373 Thread 0x000001a1af4b54f0 nmethod 2915 0x000001a19e152710 code [0x000001a19e1528a0, 0x000001a19e1529b8]
Event: 6.378 Thread 0x000001a1af4b54f0 2916       2       java.nio.Buffer::limit (65 bytes)
Event: 6.378 Thread 0x000001a1af4b54f0 nmethod 2916 0x000001a19e152a90 code [0x000001a19e152c40, 0x000001a19e152dc0]

GC Heap History (16 events):
Event: 1.541 GC heap before
{Heap before GC invocations=1 (full 0):
 PSYoungGen      total 29696K, used 25600K [0x00000000eab00000, 0x00000000ecc00000, 0x0000000100000000)
  eden space 25600K, 100% used [0x00000000eab00000,0x00000000ec400000,0x00000000ec400000)
  from space 4096K, 0% used [0x00000000ec800000,0x00000000ec800000,0x00000000ecc00000)
  to   space 4096K, 0% used [0x00000000ec400000,0x00000000ec400000,0x00000000ec800000)
 ParOldGen       total 68608K, used 0K [0x00000000c0000000, 0x00000000c4300000, 0x00000000eab00000)
  object space 68608K, 0% used [0x00000000c0000000,0x00000000c0000000,0x00000000c4300000)
 Metaspace       used 4342K, committed 4544K, reserved 1114112K
  class space    used 438K, committed 512K, reserved 1048576K
}
Event: 1.551 GC heap after
{Heap after GC invocations=1 (full 0):
 PSYoungGen      total 29696K, used 3237K [0x00000000eab00000, 0x00000000ecc00000, 0x0000000100000000)
  eden space 25600K, 0% used [0x00000000eab00000,0x00000000eab00000,0x00000000ec400000)
  from space 4096K, 79% used [0x00000000ec400000,0x00000000ec7297f0,0x00000000ec800000)
  to   space 4096K, 0% used [0x00000000ec800000,0x00000000ec800000,0x00000000ecc00000)
 ParOldGen       total 68608K, used 16K [0x00000000c0000000, 0x00000000c4300000, 0x00000000eab00000)
  object space 68608K, 0% used [0x00000000c0000000,0x00000000c0004000,0x00000000c4300000)
 Metaspace       used 4342K, committed 4544K, reserved 1114112K
  class space    used 438K, committed 512K, reserved 1048576K
}
Event: 2.655 GC heap before
{Heap before GC invocations=2 (full 0):
 PSYoungGen      total 29696K, used 28837K [0x00000000eab00000, 0x00000000ecc00000, 0x0000000100000000)
  eden space 25600K, 100% used [0x00000000eab00000,0x00000000ec400000,0x00000000ec400000)
  from space 4096K, 79% used [0x00000000ec400000,0x00000000ec7297f0,0x00000000ec800000)
  to   space 4096K, 0% used [0x00000000ec800000,0x00000000ec800000,0x00000000ecc00000)
 ParOldGen       total 68608K, used 16K [0x00000000c0000000, 0x00000000c4300000, 0x00000000eab00000)
  object space 68608K, 0% used [0x00000000c0000000,0x00000000c0004000,0x00000000c4300000)
 Metaspace       used 8097K, committed 8384K, reserved 1114112K
  class space    used 804K, committed 960K, reserved 1048576K
}
Event: 2.664 GC heap after
{Heap after GC invocations=2 (full 0):
 PSYoungGen      total 29696K, used 4084K [0x00000000eab00000, 0x00000000ecc00000, 0x0000000100000000)
  eden space 25600K, 0% used [0x00000000eab00000,0x00000000eab00000,0x00000000ec400000)
  from space 4096K, 99% used [0x00000000ec800000,0x00000000ecbfd168,0x00000000ecc00000)
  to   space 4096K, 0% used [0x00000000ec400000,0x00000000ec400000,0x00000000ec800000)
 ParOldGen       total 68608K, used 855K [0x00000000c0000000, 0x00000000c4300000, 0x00000000eab00000)
  object space 68608K, 1% used [0x00000000c0000000,0x00000000c00d5eb8,0x00000000c4300000)
 Metaspace       used 8097K, committed 8384K, reserved 1114112K
  class space    used 804K, committed 960K, reserved 1048576K
}
Event: 3.633 GC heap before
{Heap before GC invocations=3 (full 0):
 PSYoungGen      total 29696K, used 29684K [0x00000000eab00000, 0x00000000ecc00000, 0x0000000100000000)
  eden space 25600K, 100% used [0x00000000eab00000,0x00000000ec400000,0x00000000ec400000)
  from space 4096K, 99% used [0x00000000ec800000,0x00000000ecbfd168,0x00000000ecc00000)
  to   space 4096K, 0% used [0x00000000ec400000,0x00000000ec400000,0x00000000ec800000)
 ParOldGen       total 68608K, used 855K [0x00000000c0000000, 0x00000000c4300000, 0x00000000eab00000)
  object space 68608K, 1% used [0x00000000c0000000,0x00000000c00d5eb8,0x00000000c4300000)
 Metaspace       used 12881K, committed 13376K, reserved 1114112K
  class space    used 1296K, committed 1536K, reserved 1048576K
}
Event: 3.641 GC heap after
{Heap after GC invocations=3 (full 0):
 PSYoungGen      total 29696K, used 4077K [0x00000000eab00000, 0x00000000ecc00000, 0x0000000100000000)
  eden space 25600K, 0% used [0x00000000eab00000,0x00000000eab00000,0x00000000ec400000)
  from space 4096K, 99% used [0x00000000ec400000,0x00000000ec7fb6d8,0x00000000ec800000)
  to   space 4096K, 0% used [0x00000000ec800000,0x00000000ec800000,0x00000000ecc00000)
 ParOldGen       total 68608K, used 2715K [0x00000000c0000000, 0x00000000c4300000, 0x00000000eab00000)
  object space 68608K, 3% used [0x00000000c0000000,0x00000000c02a6c30,0x00000000c4300000)
 Metaspace       used 12881K, committed 13376K, reserved 1114112K
  class space    used 1296K, committed 1536K, reserved 1048576K
}
Event: 4.538 GC heap before
{Heap before GC invocations=4 (full 0):
 PSYoungGen      total 29696K, used 29677K [0x00000000eab00000, 0x00000000ecc00000, 0x0000000100000000)
  eden space 25600K, 100% used [0x00000000eab00000,0x00000000ec400000,0x00000000ec400000)
  from space 4096K, 99% used [0x00000000ec400000,0x00000000ec7fb6d8,0x00000000ec800000)
  to   space 4096K, 0% used [0x00000000ec800000,0x00000000ec800000,0x00000000ecc00000)
 ParOldGen       total 68608K, used 2715K [0x00000000c0000000, 0x00000000c4300000, 0x00000000eab00000)
  object space 68608K, 3% used [0x00000000c0000000,0x00000000c02a6c30,0x00000000c4300000)
 Metaspace       used 16988K, committed 17664K, reserved 1114112K
  class space    used 1704K, committed 1984K, reserved 1048576K
}
Event: 4.550 GC heap after
{Heap after GC invocations=4 (full 0):
 PSYoungGen      total 29696K, used 4095K [0x00000000eab00000, 0x00000000ecc00000, 0x0000000100000000)
  eden space 25600K, 0% used [0x00000000eab00000,0x00000000eab00000,0x00000000ec400000)
  from space 4096K, 99% used [0x00000000ec800000,0x00000000ecbfffe8,0x00000000ecc00000)
  to   space 4096K, 0% used [0x00000000ec400000,0x00000000ec400000,0x00000000ec800000)
 ParOldGen       total 68608K, used 5691K [0x00000000c0000000, 0x00000000c4300000, 0x00000000eab00000)
  object space 68608K, 8% used [0x00000000c0000000,0x00000000c058ef98,0x00000000c4300000)
 Metaspace       used 16988K, committed 17664K, reserved 1114112K
  class space    used 1704K, committed 1984K, reserved 1048576K
}
Event: 4.904 GC heap before
{Heap before GC invocations=5 (full 0):
 PSYoungGen      total 29696K, used 29655K [0x00000000eab00000, 0x00000000ecc00000, 0x0000000100000000)
  eden space 25600K, 99% used [0x00000000eab00000,0x00000000ec3f5e90,0x00000000ec400000)
  from space 4096K, 99% used [0x00000000ec800000,0x00000000ecbfffe8,0x00000000ecc00000)
  to   space 4096K, 0% used [0x00000000ec400000,0x00000000ec400000,0x00000000ec800000)
 ParOldGen       total 68608K, used 5691K [0x00000000c0000000, 0x00000000c4300000, 0x00000000eab00000)
  object space 68608K, 8% used [0x00000000c0000000,0x00000000c058ef98,0x00000000c4300000)
 Metaspace       used 20335K, committed 20992K, reserved 1114112K
  class space    used 1941K, committed 2240K, reserved 1048576K
}
Event: 4.909 GC heap after
{Heap after GC invocations=5 (full 0):
 PSYoungGen      total 29184K, used 4094K [0x00000000eab00000, 0x00000000ece80000, 0x0000000100000000)
  eden space 25088K, 0% used [0x00000000eab00000,0x00000000eab00000,0x00000000ec380000)
  from space 4096K, 99% used [0x00000000ec400000,0x00000000ec7ff8d0,0x00000000ec800000)
  to   space 5632K, 0% used [0x00000000ec900000,0x00000000ec900000,0x00000000ece80000)
 ParOldGen       total 68608K, used 6058K [0x00000000c0000000, 0x00000000c4300000, 0x00000000eab00000)
  object space 68608K, 8% used [0x00000000c0000000,0x00000000c05eabf0,0x00000000c4300000)
 Metaspace       used 20335K, committed 20992K, reserved 1114112K
  class space    used 1941K, committed 2240K, reserved 1048576K
}
Event: 4.958 GC heap before
{Heap before GC invocations=6 (full 0):
 PSYoungGen      total 29184K, used 8966K [0x00000000eab00000, 0x00000000ece80000, 0x0000000100000000)
  eden space 25088K, 19% used [0x00000000eab00000,0x00000000eafc1f50,0x00000000ec380000)
  from space 4096K, 99% used [0x00000000ec400000,0x00000000ec7ff8d0,0x00000000ec800000)
  to   space 5632K, 0% used [0x00000000ec900000,0x00000000ec900000,0x00000000ece80000)
 ParOldGen       total 68608K, used 6058K [0x00000000c0000000, 0x00000000c4300000, 0x00000000eab00000)
  object space 68608K, 8% used [0x00000000c0000000,0x00000000c05eabf0,0x00000000c4300000)
 Metaspace       used 20899K, committed 21504K, reserved 1114112K
  class space    used 1978K, committed 2240K, reserved 1048576K
}
Event: 4.964 GC heap after
{Heap after GC invocations=6 (full 0):
 PSYoungGen      total 29184K, used 3830K [0x00000000eab00000, 0x00000000ecd00000, 0x0000000100000000)
  eden space 25088K, 0% used [0x00000000eab00000,0x00000000eab00000,0x00000000ec380000)
  from space 4096K, 93% used [0x00000000ec900000,0x00000000eccbd870,0x00000000ecd00000)
  to   space 4608K, 0% used [0x00000000ec400000,0x00000000ec400000,0x00000000ec880000)
 ParOldGen       total 68608K, used 6066K [0x00000000c0000000, 0x00000000c4300000, 0x00000000eab00000)
  object space 68608K, 8% used [0x00000000c0000000,0x00000000c05ecbf0,0x00000000c4300000)
 Metaspace       used 20899K, committed 21504K, reserved 1114112K
  class space    used 1978K, committed 2240K, reserved 1048576K
}
Event: 4.964 GC heap before
{Heap before GC invocations=7 (full 1):
 PSYoungGen      total 29184K, used 3830K [0x00000000eab00000, 0x00000000ecd00000, 0x0000000100000000)
  eden space 25088K, 0% used [0x00000000eab00000,0x00000000eab00000,0x00000000ec380000)
  from space 4096K, 93% used [0x00000000ec900000,0x00000000eccbd870,0x00000000ecd00000)
  to   space 4608K, 0% used [0x00000000ec400000,0x00000000ec400000,0x00000000ec880000)
 ParOldGen       total 68608K, used 6066K [0x00000000c0000000, 0x00000000c4300000, 0x00000000eab00000)
  object space 68608K, 8% used [0x00000000c0000000,0x00000000c05ecbf0,0x00000000c4300000)
 Metaspace       used 20899K, committed 21504K, reserved 1114112K
  class space    used 1978K, committed 2240K, reserved 1048576K
}
Event: 5.002 GC heap after
{Heap after GC invocations=7 (full 1):
 PSYoungGen      total 29184K, used 0K [0x00000000eab00000, 0x00000000ecd00000, 0x0000000100000000)
  eden space 25088K, 0% used [0x00000000eab00000,0x00000000eab00000,0x00000000ec380000)
  from space 4096K, 0% used [0x00000000ec900000,0x00000000ec900000,0x00000000ecd00000)
  to   space 4608K, 0% used [0x00000000ec400000,0x00000000ec400000,0x00000000ec880000)
 ParOldGen       total 68608K, used 8414K [0x00000000c0000000, 0x00000000c4300000, 0x00000000eab00000)
  object space 68608K, 12% used [0x00000000c0000000,0x00000000c0837a78,0x00000000c4300000)
 Metaspace       used 20887K, committed 21504K, reserved 1114112K
  class space    used 1974K, committed 2240K, reserved 1048576K
}
Event: 5.916 GC heap before
{Heap before GC invocations=8 (full 1):
 PSYoungGen      total 29184K, used 25088K [0x00000000eab00000, 0x00000000ecd00000, 0x0000000100000000)
  eden space 25088K, 100% used [0x00000000eab00000,0x00000000ec380000,0x00000000ec380000)
  from space 4096K, 0% used [0x00000000ec900000,0x00000000ec900000,0x00000000ecd00000)
  to   space 4608K, 0% used [0x00000000ec400000,0x00000000ec400000,0x00000000ec880000)
 ParOldGen       total 68608K, used 8414K [0x00000000c0000000, 0x00000000c4300000, 0x00000000eab00000)
  object space 68608K, 12% used [0x00000000c0000000,0x00000000c0837a78,0x00000000c4300000)
 Metaspace       used 22818K, committed 23488K, reserved 1114112K
  class space    used 2121K, committed 2368K, reserved 1048576K
}
Event: 5.920 GC heap after
{Heap after GC invocations=8 (full 1):
 PSYoungGen      total 27648K, used 2595K [0x00000000eab00000, 0x00000000eca00000, 0x0000000100000000)
  eden space 24576K, 0% used [0x00000000eab00000,0x00000000eab00000,0x00000000ec300000)
  from space 3072K, 84% used [0x00000000ec400000,0x00000000ec688f38,0x00000000ec700000)
  to   space 3072K, 0% used [0x00000000ec700000,0x00000000ec700000,0x00000000eca00000)
 ParOldGen       total 68608K, used 8422K [0x00000000c0000000, 0x00000000c4300000, 0x00000000eab00000)
  object space 68608K, 12% used [0x00000000c0000000,0x00000000c0839a78,0x00000000c4300000)
 Metaspace       used 22818K, committed 23488K, reserved 1114112K
  class space    used 2121K, committed 2368K, reserved 1048576K
}

Dll operation events (10 events):
Event: 0.015 Loaded shared library c:\Users\MINEDUCYT\.vscode\extensions\redhat.java-1.41.1-win32-x64\jre\21.0.6-win32-x86_64\bin\java.dll
Event: 0.202 Loaded shared library c:\Users\MINEDUCYT\.vscode\extensions\redhat.java-1.41.1-win32-x64\jre\21.0.6-win32-x86_64\bin\zip.dll
Event: 0.239 Loaded shared library C:\Users\MINEDUCYT\.vscode\extensions\redhat.java-1.41.1-win32-x64\jre\21.0.6-win32-x86_64\bin\instrument.dll
Event: 0.248 Loaded shared library C:\Users\MINEDUCYT\.vscode\extensions\redhat.java-1.41.1-win32-x64\jre\21.0.6-win32-x86_64\bin\net.dll
Event: 0.252 Loaded shared library C:\Users\MINEDUCYT\.vscode\extensions\redhat.java-1.41.1-win32-x64\jre\21.0.6-win32-x86_64\bin\nio.dll
Event: 0.258 Loaded shared library C:\Users\MINEDUCYT\.vscode\extensions\redhat.java-1.41.1-win32-x64\jre\21.0.6-win32-x86_64\bin\zip.dll
Event: 0.286 Loaded shared library C:\Users\MINEDUCYT\.vscode\extensions\redhat.java-1.41.1-win32-x64\jre\21.0.6-win32-x86_64\bin\jimage.dll
Event: 0.419 Loaded shared library c:\Users\MINEDUCYT\.vscode\extensions\redhat.java-1.41.1-win32-x64\jre\21.0.6-win32-x86_64\bin\verify.dll
Event: 2.582 Loaded shared library C:\Users\MINEDUCYT\AppData\Roaming\Code\User\globalStorage\redhat.java\1.41.1\config_ss_win\org.eclipse.equinox.launcher\org.eclipse.equinox.launcher.win32.win32.x86_64_1.2.1300.v20250331-1702\eclipse_11911.dll
Event: 4.177 Loaded shared library C:\Users\MINEDUCYT\AppData\Local\Temp\jna--812283910\jna8922770318650503677.dll

Deoptimization events (20 events):
Event: 6.216 Thread 0x000001a1f19046b0 DEOPT PACKING pc=0x000001a19e1137c9 sp=0x00000057dc5f8cc0
Event: 6.216 Thread 0x000001a1f19046b0 DEOPT UNPACKING pc=0x000001a1a5124223 sp=0x00000057dc5f8130 mode 0
Event: 6.217 Thread 0x000001a1f19046b0 DEOPT PACKING pc=0x000001a19e1137c9 sp=0x00000057dc5f8cc0
Event: 6.217 Thread 0x000001a1f19046b0 DEOPT UNPACKING pc=0x000001a1a5124223 sp=0x00000057dc5f8130 mode 0
Event: 6.217 Thread 0x000001a1f19046b0 DEOPT PACKING pc=0x000001a19e1137c9 sp=0x00000057dc5f8cc0
Event: 6.217 Thread 0x000001a1f19046b0 DEOPT UNPACKING pc=0x000001a1a5124223 sp=0x00000057dc5f8130 mode 0
Event: 6.217 Thread 0x000001a1f19046b0 DEOPT PACKING pc=0x000001a19e1137c9 sp=0x00000057dc5f8cc0
Event: 6.217 Thread 0x000001a1f19046b0 DEOPT UNPACKING pc=0x000001a1a5124223 sp=0x00000057dc5f8130 mode 0
Event: 6.217 Thread 0x000001a1f19046b0 DEOPT PACKING pc=0x000001a19e1137c9 sp=0x00000057dc5f8cc0
Event: 6.217 Thread 0x000001a1f19046b0 DEOPT UNPACKING pc=0x000001a1a5124223 sp=0x00000057dc5f8130 mode 0
Event: 6.217 Thread 0x000001a1f19046b0 DEOPT PACKING pc=0x000001a19e1137c9 sp=0x00000057dc5f8cc0
Event: 6.217 Thread 0x000001a1f19046b0 DEOPT UNPACKING pc=0x000001a1a5124223 sp=0x00000057dc5f8130 mode 0
Event: 6.218 Thread 0x000001a1f19046b0 DEOPT PACKING pc=0x000001a19e1137c9 sp=0x00000057dc5f8cc0
Event: 6.218 Thread 0x000001a1f19046b0 DEOPT UNPACKING pc=0x000001a1a5124223 sp=0x00000057dc5f8130 mode 0
Event: 6.218 Thread 0x000001a1f19046b0 DEOPT PACKING pc=0x000001a19e1137c9 sp=0x00000057dc5f8cc0
Event: 6.218 Thread 0x000001a1f19046b0 DEOPT UNPACKING pc=0x000001a1a5124223 sp=0x00000057dc5f8130 mode 0
Event: 6.377 Thread 0x000001a1f19046b0 DEOPT PACKING pc=0x000001a19e1137c9 sp=0x00000057dc5fd0a0
Event: 6.377 Thread 0x000001a1f19046b0 DEOPT UNPACKING pc=0x000001a1a5124223 sp=0x00000057dc5fc528 mode 0
Event: 6.377 Thread 0x000001a1f19046b0 DEOPT PACKING pc=0x000001a19dcc6b26 sp=0x00000057dc5fd7a0
Event: 6.377 Thread 0x000001a1f19046b0 DEOPT UNPACKING pc=0x000001a1a5124223 sp=0x00000057dc5fcc98 mode 0

Classes loaded (20 events):
Event: 6.292 Loading class java/lang/StringIndexOutOfBoundsException
Event: 6.293 Loading class java/lang/StringIndexOutOfBoundsException done
Event: 6.346 Loading class java/util/Hashtable$EntrySet
Event: 6.346 Loading class java/util/Hashtable$EntrySet done
Event: 6.366 Loading class java/util/ResourceBundle$ResourceBundleControlProviderHolder
Event: 6.367 Loading class java/util/ResourceBundle$ResourceBundleControlProviderHolder done
Event: 6.367 Loading class java/util/spi/ResourceBundleControlProvider
Event: 6.368 Loading class java/util/spi/ResourceBundleControlProvider done
Event: 6.368 Loading class java/util/ServiceLoader$ProviderSpliterator
Event: 6.368 Loading class java/util/ServiceLoader$ProviderSpliterator done
Event: 6.369 Loading class java/util/ImmutableCollections$Access
Event: 6.369 Loading class java/util/ImmutableCollections$Access done
Event: 6.369 Loading class java/util/ImmutableCollections$Access$1
Event: 6.370 Loading class jdk/internal/access/JavaUtilCollectionAccess
Event: 6.370 Loading class jdk/internal/access/JavaUtilCollectionAccess done
Event: 6.370 Loading class java/util/ImmutableCollections$Access$1 done
Event: 6.370 Loading class java/util/stream/Nodes$SpinedNodeBuilder
Event: 6.371 Loading class java/util/stream/Nodes$SpinedNodeBuilder done
Event: 6.372 Loading class java/util/ResourceBundle$Control$2
Event: 6.372 Loading class java/util/ResourceBundle$Control$2 done

Classes unloaded (7 events):
Event: 4.972 Thread 0x000001a1af41c150 Unloading class 0x000001a1b1183400 'java/lang/invoke/LambdaForm$MH+0x000001a1b1183400'
Event: 4.972 Thread 0x000001a1af41c150 Unloading class 0x000001a1b1183000 'java/lang/invoke/LambdaForm$MH+0x000001a1b1183000'
Event: 4.972 Thread 0x000001a1af41c150 Unloading class 0x000001a1b1182c00 'java/lang/invoke/LambdaForm$MH+0x000001a1b1182c00'
Event: 4.972 Thread 0x000001a1af41c150 Unloading class 0x000001a1b1182800 'java/lang/invoke/LambdaForm$MH+0x000001a1b1182800'
Event: 4.972 Thread 0x000001a1af41c150 Unloading class 0x000001a1b1182400 'java/lang/invoke/LambdaForm$BMH+0x000001a1b1182400'
Event: 4.972 Thread 0x000001a1af41c150 Unloading class 0x000001a1b1182000 'java/lang/invoke/LambdaForm$DMH+0x000001a1b1182000'
Event: 4.972 Thread 0x000001a1af41c150 Unloading class 0x000001a1b1180c00 'java/lang/invoke/LambdaForm$DMH+0x000001a1b1180c00'

Classes redefined (0 events):
No events

Internal exceptions (20 events):
Event: 4.244 Thread 0x000001a1f19046b0 Exception <a 'java/lang/NoSuchMethodError'{0x00000000eb88db78}: 'void java.lang.invoke.Invokers$Holder.invokeExact_MT(java.lang.Object, java.lang.Object, int, java.lang.Object)'> (0x00000000eb88db78) 
thrown [s\src\hotspot\share\interpreter\linkResolver.cpp, line 773]
Event: 4.289 Thread 0x000001a1f19046b0 Exception <a 'java/lang/NoSuchMethodError'{0x00000000eb983b68}: 'java.lang.Object java.lang.invoke.DirectMethodHandle$Holder.invokeSpecial(java.lang.Object, java.lang.Object, java.lang.Object, long, java.lang.Object)'> (0x00000000eb983b68) 
thrown [s\src\hotspot\share\interpreter\linkResolver.cpp, line 773]
Event: 4.290 Thread 0x000001a1f19046b0 Exception <a 'java/lang/NoSuchMethodError'{0x00000000eb98b2f8}: 'java.lang.Object java.lang.invoke.DirectMethodHandle$Holder.newInvokeSpecial(java.lang.Object, java.lang.Object, java.lang.Object, long)'> (0x00000000eb98b2f8) 
thrown [s\src\hotspot\share\interpreter\linkResolver.cpp, line 773]
Event: 4.290 Thread 0x000001a1f19046b0 Exception <a 'java/lang/NoSuchMethodError'{0x00000000eb98ef78}: 'java.lang.Object java.lang.invoke.Invokers$Holder.linkToTargetMethod(java.lang.Object, java.lang.Object, long, java.lang.Object)'> (0x00000000eb98ef78) 
thrown [s\src\hotspot\share\interpreter\linkResolver.cpp, line 773]
Event: 4.305 Thread 0x000001a1f19046b0 Exception <a 'java/lang/NoSuchMethodError'{0x00000000eba00508}: 'int java.lang.invoke.DirectMethodHandle$Holder.invokeStaticInit(java.lang.Object, java.lang.Object, java.lang.Object)'> (0x00000000eba00508) 
thrown [s\src\hotspot\share\interpreter\linkResolver.cpp, line 773]
Event: 4.319 Thread 0x000001a1f19046b0 Exception <a 'java/lang/IncompatibleClassChangeError'{0x00000000eba833b8}: Found class java.lang.Object, but interface was expected> (0x00000000eba833b8) 
thrown [s\src\hotspot\share\interpreter\linkResolver.cpp, line 840]
Event: 4.326 Thread 0x000001a1f19046b0 Exception <a 'java/lang/NoSuchMethodError'{0x00000000eba9a200}: 'java.lang.Object java.lang.invoke.DirectMethodHandle$Holder.invokeSpecial(java.lang.Object, java.lang.Object, java.lang.Object, int, java.lang.Object, java.lang.Object)'> (0x00000000eba9a200) 
thrown [s\src\hotspot\share\interpreter\linkResolver.cpp, line 773]
Event: 4.327 Thread 0x000001a1f19046b0 Exception <a 'java/lang/NoSuchMethodError'{0x00000000ebaa1a98}: 'java.lang.Object java.lang.invoke.DirectMethodHandle$Holder.newInvokeSpecial(java.lang.Object, java.lang.Object, java.lang.Object, int, java.lang.Object)'> (0x00000000ebaa1a98) 
thrown [s\src\hotspot\share\interpreter\linkResolver.cpp, line 773]
Event: 4.327 Thread 0x000001a1f19046b0 Exception <a 'java/lang/NoSuchMethodError'{0x00000000ebaa5588}: 'java.lang.Object java.lang.invoke.Invokers$Holder.linkToTargetMethod(java.lang.Object, java.lang.Object, int, java.lang.Object, java.lang.Object)'> (0x00000000ebaa5588) 
thrown [s\src\hotspot\share\interpreter\linkResolver.cpp, line 773]
Event: 4.329 Thread 0x000001a1f61ef1c0 Exception <a 'java/lang/NoSuchMethodError'{0x00000000eb9b58c8}: 'java.lang.Object java.lang.invoke.DirectMethodHandle$Holder.invokeSpecial(java.lang.Object, java.lang.Object, int, java.lang.Object, java.lang.Object)'> (0x00000000eb9b58c8) 
thrown [s\src\hotspot\share\interpreter\linkResolver.cpp, line 773]
Event: 4.330 Thread 0x000001a1f61ef1c0 Exception <a 'java/lang/NoSuchMethodError'{0x00000000eb9bc600}: 'java.lang.Object java.lang.invoke.DirectMethodHandle$Holder.newInvokeSpecial(java.lang.Object, java.lang.Object, int, java.lang.Object)'> (0x00000000eb9bc600) 
thrown [s\src\hotspot\share\interpreter\linkResolver.cpp, line 773]
Event: 4.361 Thread 0x000001a1f19046b0 Exception <a 'java/lang/NoSuchMethodError'{0x00000000ebbad678}: 'void java.lang.invoke.DirectMethodHandle$Holder.invokeSpecial(java.lang.Object, java.lang.Object, java.lang.Object, java.lang.Object, java.lang.Object)'> (0x00000000ebbad678) 
thrown [s\src\hotspot\share\interpreter\linkResolver.cpp, line 773]
Event: 4.416 Thread 0x000001a1f19046b0 Exception <a 'java/lang/NoSuchMethodError'{0x00000000ebde76b0}: 'double java.lang.invoke.DirectMethodHandle$Holder.invokeStatic(java.lang.Object, java.lang.Object)'> (0x00000000ebde76b0) 
thrown [s\src\hotspot\share\interpreter\linkResolver.cpp, line 773]
Event: 4.416 Thread 0x000001a1f19046b0 Exception <a 'java/lang/NoSuchMethodError'{0x00000000ebdead70}: 'double java.lang.invoke.DirectMethodHandle$Holder.invokeStaticInit(java.lang.Object, java.lang.Object)'> (0x00000000ebdead70) 
thrown [s\src\hotspot\share\interpreter\linkResolver.cpp, line 773]
Event: 4.874 Thread 0x000001a1f19046b0 Implicit null exception at 0x000001a1a5770076 to 0x000001a1a5770148
Event: 5.656 Thread 0x000001a1f19046b0 Exception <a 'java/lang/ClassNotFoundException'{0x00000000ec0a26b8}: com/sun/org/apache/xerces/internal/impl/msg/spi/DOMMessagesProvider> (0x00000000ec0a26b8) 
thrown [s\src\hotspot\share\classfile\systemDictionary.cpp, line 312]
Event: 5.669 Thread 0x000001a1f19046b0 Exception <a 'java/lang/ClassNotFoundException'{0x00000000ec0d0608}: com/sun/org/apache/xerces/internal/impl/msg/spi/XMLSerializerMessagesProvider> (0x00000000ec0d0608) 
thrown [s\src\hotspot\share\classfile\systemDictionary.cpp, line 312]
Event: 5.673 Thread 0x000001a1f19046b0 Exception <a 'java/lang/ClassNotFoundException'{0x00000000ec0ea2e0}: com/sun/org/apache/xerces/internal/impl/msg/spi/XMLMessagesProvider> (0x00000000ec0ea2e0) 
thrown [s\src\hotspot\share\classfile\systemDictionary.cpp, line 312]
Event: 5.876 Thread 0x000001a1f19046b0 Exception <a 'java/lang/NoSuchMethodError'{0x00000000ec34b410}: 'java.lang.Object java.lang.invoke.DirectMethodHandle$Holder.newInvokeSpecial(java.lang.Object, int, java.lang.Object, java.lang.Object)'> (0x00000000ec34b410) 
thrown [s\src\hotspot\share\interpreter\linkResolver.cpp, line 773]
Event: 6.051 Thread 0x000001a1f19046b0 Exception <a 'sun/nio/fs/WindowsException'{0x00000000ead21f40}> (0x00000000ead21f40) 
thrown [s\src\hotspot\share\prims\jni.cpp, line 520]

ZGC Phase Switch (0 events):
No events

VM Operations (20 events):
Event: 3.722 Executing VM operation: HandshakeAllThreads (Deoptimize)
Event: 3.722 Executing VM operation: HandshakeAllThreads (Deoptimize) done
Event: 4.193 Executing VM operation: HandshakeAllThreads (Deoptimize)
Event: 4.193 Executing VM operation: HandshakeAllThreads (Deoptimize) done
Event: 4.538 Executing VM operation: ParallelGCFailedAllocation (Allocation Failure)
Event: 4.550 Executing VM operation: ParallelGCFailedAllocation (Allocation Failure) done
Event: 4.904 Executing VM operation: ParallelGCFailedAllocation (Allocation Failure)
Event: 4.909 Executing VM operation: ParallelGCFailedAllocation (Allocation Failure) done
Event: 4.958 Executing VM operation: CollectForMetadataAllocation (Metadata GC Threshold)
Event: 5.002 Executing VM operation: CollectForMetadataAllocation (Metadata GC Threshold) done
Event: 5.532 Executing VM operation: HandshakeAllThreads (Deoptimize)
Event: 5.532 Executing VM operation: HandshakeAllThreads (Deoptimize) done
Event: 5.884 Executing VM operation: ParallelGCFailedAllocation (Allocation Failure)
Event: 5.920 Executing VM operation: ParallelGCFailedAllocation (Allocation Failure) done
Event: 6.035 Executing VM operation: HandshakeAllThreads (Deoptimize)
Event: 6.035 Executing VM operation: HandshakeAllThreads (Deoptimize) done
Event: 6.219 Executing VM operation: HandshakeAllThreads (Deoptimize)
Event: 6.219 Executing VM operation: HandshakeAllThreads (Deoptimize) done
Event: 6.220 Executing VM operation: HandshakeAllThreads (Deoptimize)
Event: 6.220 Executing VM operation: HandshakeAllThreads (Deoptimize) done

Memory protections (0 events):
No events

Nmethod flushes (0 events):
No events

Events (20 events):
Event: 0.098 Thread 0x000001a1990be2b0 Thread added: 0x000001a1af437970
Event: 0.099 Thread 0x000001a1990be2b0 Thread added: 0x000001a1af43a500
Event: 0.100 Thread 0x000001a1990be2b0 Thread added: 0x000001a1af43d220
Event: 0.100 Thread 0x000001a1990be2b0 Thread added: 0x000001a1af43ede0
Event: 0.100 Thread 0x000001a1990be2b0 Thread added: 0x000001a1af43f830
Event: 0.100 Thread 0x000001a1990be2b0 Thread added: 0x000001a1af440660
Event: 0.107 Thread 0x000001a1990be2b0 Thread added: 0x000001a1af4b54f0
Event: 0.174 Thread 0x000001a1990be2b0 Thread added: 0x000001a1991888e0
Event: 0.609 Thread 0x000001a1990be2b0 Thread added: 0x000001a1f14b6f30
Event: 2.172 Thread 0x000001a1990be2b0 Thread added: 0x000001a1f18cfba0
Event: 2.549 Thread 0x000001a1990be2b0 Thread added: 0x000001a1f1903030
Event: 2.558 Thread 0x000001a1990be2b0 Thread added: 0x000001a1f19046b0
Event: 2.638 Thread 0x000001a1f19046b0 Thread added: 0x000001a1f1969b20
Event: 2.860 Thread 0x000001a1f19046b0 Thread added: 0x000001a1f19ecc80
Event: 3.380 Thread 0x000001a1f19046b0 Thread added: 0x000001a1f1d803a0
Event: 4.225 Thread 0x000001a1f19046b0 Thread added: 0x000001a1f1de3970
Event: 4.296 Thread 0x000001a1f19046b0 Thread added: 0x000001a1f61ef1c0
Event: 4.332 Thread 0x000001a1f19046b0 Thread added: 0x000001a1f62ee090
Event: 5.769 Thread 0x000001a1f19046b0 Thread added: 0x000001a1f62f1510
Event: 6.100 Thread 0x000001a1f62f1510 Thread exited: 0x000001a1f62f1510


Dynamic libraries:
0x00007ff756a10000 - 0x00007ff756a1e000 	c:\Users\MINEDUCYT\.vscode\extensions\redhat.java-1.41.1-win32-x64\jre\21.0.6-win32-x86_64\bin\java.exe
0x00007fff248f0000 - 0x00007fff24ae8000 	C:\WINDOWS\SYSTEM32\ntdll.dll
0x00007fff24590000 - 0x00007fff24652000 	C:\WINDOWS\System32\KERNEL32.DLL
0x00007fff22260000 - 0x00007fff22556000 	C:\WINDOWS\System32\KERNELBASE.dll
0x00007fff226f0000 - 0x00007fff227f0000 	C:\WINDOWS\System32\ucrtbase.dll
0x00007fff11170000 - 0x00007fff1118e000 	c:\Users\MINEDUCYT\.vscode\extensions\redhat.java-1.41.1-win32-x64\jre\21.0.6-win32-x86_64\bin\VCRUNTIME140.dll
0x00007fff11e40000 - 0x00007fff11e58000 	c:\Users\MINEDUCYT\.vscode\extensions\redhat.java-1.41.1-win32-x64\jre\21.0.6-win32-x86_64\bin\jli.dll
0x00007fff243e0000 - 0x00007fff2457d000 	C:\WINDOWS\System32\USER32.dll
0x00007fff21f80000 - 0x00007fff21fa2000 	C:\WINDOWS\System32\win32u.dll
0x00007fff229e0000 - 0x00007fff22a0b000 	C:\WINDOWS\System32\GDI32.dll
0x00007fff0fa10000 - 0x00007fff0fcaa000 	C:\WINDOWS\WinSxS\amd64_microsoft.windows.common-controls_6595b64144ccf1df_6.0.19041.4355_none_60b8b9eb71f62e16\COMCTL32.dll
0x00007fff227f0000 - 0x00007fff2290a000 	C:\WINDOWS\System32\gdi32full.dll
0x00007fff22060000 - 0x00007fff220fd000 	C:\WINDOWS\System32\msvcp_win.dll
0x00007fff24770000 - 0x00007fff2480e000 	C:\WINDOWS\System32\msvcrt.dll
0x00007fff23a50000 - 0x00007fff23a7f000 	C:\WINDOWS\System32\IMM32.DLL
0x00007fff1d850000 - 0x00007fff1d85c000 	c:\Users\MINEDUCYT\.vscode\extensions\redhat.java-1.41.1-win32-x64\jre\21.0.6-win32-x86_64\bin\vcruntime140_1.dll
0x00007ffefb500000 - 0x00007ffefb58d000 	c:\Users\MINEDUCYT\.vscode\extensions\redhat.java-1.41.1-win32-x64\jre\21.0.6-win32-x86_64\bin\msvcp140.dll
0x00007ffeddc30000 - 0x00007ffede9c0000 	c:\Users\MINEDUCYT\.vscode\extensions\redhat.java-1.41.1-win32-x64\jre\21.0.6-win32-x86_64\bin\server\jvm.dll
0x00007fff23070000 - 0x00007fff2311f000 	C:\WINDOWS\System32\ADVAPI32.dll
0x00007fff24810000 - 0x00007fff248af000 	C:\WINDOWS\System32\sechost.dll
0x00007fff22f40000 - 0x00007fff23063000 	C:\WINDOWS\System32\RPCRT4.dll
0x00007fff21fb0000 - 0x00007fff21fd7000 	C:\WINDOWS\System32\bcrypt.dll
0x00007fff24670000 - 0x00007fff246db000 	C:\WINDOWS\System32\WS2_32.dll
0x00007fff21990000 - 0x00007fff219db000 	C:\WINDOWS\SYSTEM32\POWRPROF.dll
0x00007fff0fd80000 - 0x00007fff0fda7000 	C:\WINDOWS\SYSTEM32\WINMM.dll
0x00007fff18cb0000 - 0x00007fff18cba000 	C:\WINDOWS\SYSTEM32\VERSION.dll
0x00007fff21970000 - 0x00007fff21982000 	C:\WINDOWS\SYSTEM32\UMPDC.dll
0x00007fff20760000 - 0x00007fff20772000 	C:\WINDOWS\SYSTEM32\kernel.appcore.dll
0x00007fff1c120000 - 0x00007fff1c12a000 	c:\Users\MINEDUCYT\.vscode\extensions\redhat.java-1.41.1-win32-x64\jre\21.0.6-win32-x86_64\bin\jimage.dll
0x00007fff20480000 - 0x00007fff20664000 	C:\WINDOWS\SYSTEM32\DBGHELP.DLL
0x00007fff020f0000 - 0x00007fff02124000 	C:\WINDOWS\SYSTEM32\dbgcore.DLL
0x00007fff22660000 - 0x00007fff226e2000 	C:\WINDOWS\System32\bcryptPrimitives.dll
0x00007fff1b820000 - 0x00007fff1b82f000 	c:\Users\MINEDUCYT\.vscode\extensions\redhat.java-1.41.1-win32-x64\jre\21.0.6-win32-x86_64\bin\instrument.dll
0x00007fff04380000 - 0x00007fff0439f000 	c:\Users\MINEDUCYT\.vscode\extensions\redhat.java-1.41.1-win32-x64\jre\21.0.6-win32-x86_64\bin\java.dll
0x00007fff23b60000 - 0x00007fff242cf000 	C:\WINDOWS\System32\SHELL32.dll
0x00007fff1fc00000 - 0x00007fff203a3000 	C:\WINDOWS\SYSTEM32\windows.storage.dll
0x00007fff22bc0000 - 0x00007fff22f15000 	C:\WINDOWS\System32\combase.dll
0x00007fff21800000 - 0x00007fff2182b000 	C:\WINDOWS\SYSTEM32\Wldp.dll
0x00007fff22910000 - 0x00007fff229dd000 	C:\WINDOWS\System32\OLEAUT32.dll
0x00007fff242d0000 - 0x00007fff2437d000 	C:\WINDOWS\System32\SHCORE.dll
0x00007fff23290000 - 0x00007fff232e5000 	C:\WINDOWS\System32\shlwapi.dll
0x00007fff21eb0000 - 0x00007fff21ed5000 	C:\WINDOWS\SYSTEM32\profapi.dll
0x00007fff02590000 - 0x00007fff025a8000 	c:\Users\MINEDUCYT\.vscode\extensions\redhat.java-1.41.1-win32-x64\jre\21.0.6-win32-x86_64\bin\zip.dll
0x00007fff1b760000 - 0x00007fff1b770000 	C:\Users\MINEDUCYT\.vscode\extensions\redhat.java-1.41.1-win32-x64\jre\21.0.6-win32-x86_64\bin\net.dll
0x00007fff13470000 - 0x00007fff1357a000 	C:\WINDOWS\SYSTEM32\WINHTTP.dll
0x00007fff215e0000 - 0x00007fff2164c000 	C:\WINDOWS\system32\mswsock.dll
0x00007fff01e90000 - 0x00007fff01ea6000 	C:\Users\MINEDUCYT\.vscode\extensions\redhat.java-1.41.1-win32-x64\jre\21.0.6-win32-x86_64\bin\nio.dll
0x00007fff122d0000 - 0x00007fff122e0000 	c:\Users\MINEDUCYT\.vscode\extensions\redhat.java-1.41.1-win32-x64\jre\21.0.6-win32-x86_64\bin\verify.dll
0x00007ffefb810000 - 0x00007ffefb855000 	C:\Users\MINEDUCYT\AppData\Roaming\Code\User\globalStorage\redhat.java\1.41.1\config_ss_win\org.eclipse.equinox.launcher\org.eclipse.equinox.launcher.win32.win32.x86_64_1.2.1300.v20250331-1702\eclipse_11911.dll
0x00007fff22a10000 - 0x00007fff22b3b000 	C:\WINDOWS\System32\ole32.dll
0x00007fff21840000 - 0x00007fff21858000 	C:\WINDOWS\SYSTEM32\CRYPTSP.dll
0x00007fff20f20000 - 0x00007fff20f58000 	C:\WINDOWS\system32\rsaenh.dll
0x00007fff21e70000 - 0x00007fff21e9e000 	C:\WINDOWS\SYSTEM32\USERENV.dll
0x00007fff21770000 - 0x00007fff2177c000 	C:\WINDOWS\SYSTEM32\CRYPTBASE.dll
0x00007fff212e0000 - 0x00007fff2131b000 	C:\WINDOWS\SYSTEM32\IPHLPAPI.DLL
0x00007fff24580000 - 0x00007fff24588000 	C:\WINDOWS\System32\NSI.dll
0x00007ffefb590000 - 0x00007ffefb5d9000 	C:\Users\MINEDUCYT\AppData\Local\Temp\jna--812283910\jna8922770318650503677.dll
0x00007fff24660000 - 0x00007fff24668000 	C:\WINDOWS\System32\PSAPI.DLL

dbghelp: loaded successfully - version: 4.0.5 - missing functions: none
symbol engine: initialized successfully - sym options: 0x614 - pdb path: .;c:\Users\MINEDUCYT\.vscode\extensions\redhat.java-1.41.1-win32-x64\jre\21.0.6-win32-x86_64\bin;C:\WINDOWS\SYSTEM32;C:\WINDOWS\WinSxS\amd64_microsoft.windows.common-controls_6595b64144ccf1df_6.0.19041.4355_none_60b8b9eb71f62e16;c:\Users\MINEDUCYT\.vscode\extensions\redhat.java-1.41.1-win32-x64\jre\21.0.6-win32-x86_64\bin\server;C:\Users\MINEDUCYT\AppData\Roaming\Code\User\globalStorage\redhat.java\1.41.1\config_ss_win\org.eclipse.equinox.launcher\org.eclipse.equinox.launcher.win32.win32.x86_64_1.2.1300.v20250331-1702;C:\Users\MINEDUCYT\AppData\Local\Temp\jna--812283910

VM Arguments:
jvm_args: --add-modules=ALL-SYSTEM --add-opens=java.base/java.util=ALL-UNNAMED --add-opens=java.base/java.lang=ALL-UNNAMED --add-opens=java.base/sun.nio.fs=ALL-UNNAMED -Declipse.application=org.eclipse.jdt.ls.core.id1 -Dosgi.bundles.defaultStartLevel=4 -Declipse.product=org.eclipse.jdt.ls.core.product -Djava.import.generatesMetadataFilesAtProjectRoot=false -DDetectVMInstallationsJob.disabled=true -Dfile.encoding=utf8 -XX:+UseParallelGC -XX:GCTimeRatio=4 -XX:AdaptiveSizePolicyWeight=90 -Dsun.zip.disableMemoryMapping=true -Xmx1G -Xms100m -Xlog:disable -javaagent:c:\Users\MINEDUCYT\.vscode\extensions\redhat.java-1.41.1-win32-x64\lombok\lombok-1.18.36.jar 
java_command: c:\Users\MINEDUCYT\.vscode\extensions\redhat.java-1.41.1-win32-x64\server\plugins\org.eclipse.equinox.launcher_1.7.0.v20250331-1702.jar -configuration c:\Users\MINEDUCYT\AppData\Roaming\Code\User\globalStorage\redhat.java\1.41.1\config_ss_win -data c:\Users\MINEDUCYT\AppData\Roaming\Code\User\workspaceStorage\35a9dc1ab381eb81536d2b081a1e5cb3\redhat.java\ss_ws --pipe=\\.\pipe\lsp-3a590702675db08fae8ee69b29e22c96-sock
java_class_path (initial): c:\Users\MINEDUCYT\.vscode\extensions\redhat.java-1.41.1-win32-x64\server\plugins\org.eclipse.equinox.launcher_1.7.0.v20250331-1702.jar
Launcher Type: SUN_STANDARD

[Global flags]
    uintx AdaptiveSizePolicyWeight                 = 90                                        {product} {command line}
     intx CICompilerCount                          = 3                                         {product} {ergonomic}
    uintx GCTimeRatio                              = 4                                         {product} {command line}
   size_t InitialHeapSize                          = 104857600                                 {product} {command line}
   size_t MaxHeapSize                              = 1073741824                                {product} {command line}
   size_t MaxNewSize                               = 357564416                                 {product} {ergonomic}
   size_t MinHeapDeltaBytes                        = 524288                                    {product} {ergonomic}
   size_t MinHeapSize                              = 104857600                                 {product} {command line}
   size_t NewSize                                  = 34603008                                  {product} {ergonomic}
    uintx NonNMethodCodeHeapSize                   = 5832780                                {pd product} {ergonomic}
    uintx NonProfiledCodeHeapSize                  = 122912730                              {pd product} {ergonomic}
   size_t OldSize                                  = 70254592                                  {product} {ergonomic}
    uintx ProfiledCodeHeapSize                     = 122912730                              {pd product} {ergonomic}
    uintx ReservedCodeCacheSize                    = 251658240                              {pd product} {ergonomic}
     bool SegmentedCodeCache                       = true                                      {product} {ergonomic}
   size_t SoftMaxHeapSize                          = 1073741824                             {manageable} {ergonomic}
     bool UseCompressedOops                        = true                           {product lp64_product} {ergonomic}
     bool UseLargePagesIndividualAllocation        = false                                  {pd product} {ergonomic}
     bool UseParallelGC                            = true                                      {product} {command line}

Logging:
Log output configuration:
 #0: stdout all=off uptime,level,tags foldmultilines=false
 #1: stderr all=off uptime,level,tags foldmultilines=false

Environment Variables:
PATH=C:\Program Files\Common Files\Oracle\Java\javapath;C:\WINDOWS\system32;C:\WINDOWS;C:\WINDOWS\System32\Wbem;C:\WINDOWS\System32\WindowsPowerShell\v1.0\;C:\WINDOWS\System32\OpenSSH\;C:\Program Files\Docker\Docker\resources\bin;C:\Program Files\apache-maven-3.9.9\bin;C:\Users\MINEDUCYT\AppData\Local\Microsoft\WindowsApps;;C:\Users\MINEDUCYT\AppData\Local\Programs\Microsoft VS Code\bin
USERNAME=MINEDUCYT
OS=Windows_NT
PROCESSOR_IDENTIFIER=Intel64 Family 6 Model 122 Stepping 8, GenuineIntel
TMP=C:\Users\MINEDU~1\AppData\Local\Temp
TEMP=C:\Users\MINEDU~1\AppData\Local\Temp




Periodic native trim disabled

---------------  S Y S T E M  ---------------

OS:
 Windows 10 , 64 bit Build 19041 (10.0.19041.5678)
OS uptime: 3 days 13:37 hours
Hyper-V role detected

CPU: total 4 (initial active 4) (4 cores per cpu, 1 threads per core) family 6 model 122 stepping 8 microcode 0x16, cx8, cmov, fxsr, mmx, 3dnowpref, sse, sse2, sse3, ssse3, sse4.1, sse4.2, popcnt, tsc, tscinvbit, aes, erms, clmul, sha, clflush, clflushopt, hv, rdtscp, rdpid
Processor Information for the first 4 processors :
  Max Mhz: 1101, Current Mhz: 1101, Mhz Limit: 1101

Memory: 4k page, system-wide physical 3917M (175M free)
TotalPageFile size 15693M (AvailPageFile size 0M)
current process WorkingSet (physical memory assigned to process): 152M, peak: 152M
current process commit charge ("private bytes"): 243M, peak: 243M

vm_info: OpenJDK 64-Bit Server VM (21.0.6+7-LTS) for windows-amd64 JRE (21.0.6+7-LTS), built on 2025-01-21T00:00:00Z by "admin" with MS VC++ 17.7 (VS2022)

END.
