#
# There is insufficient memory for the Java Runtime Environment to continue.
# Native memory allocation (malloc) failed to allocate 1631856 bytes. Error detail: Chunk::new
# Possible reasons:
#   The system is out of physical RAM or swap space
#   This process is running with CompressedOops enabled, and the Java Heap may be blocking the growth of the native heap
# Possible solutions:
#   Reduce memory load on the system
#   Increase physical memory or swap space
#   Check if swap backing store is full
#   Decrease Java heap size (-Xmx/-Xms)
#   Decrease number of Java threads
#   Decrease Java thread stack sizes (-Xss)
#   Set larger code cache with -XX:ReservedCodeCacheSize=
#   JVM is running with Unscaled Compressed Oops mode in which the Java heap is
#     placed in the first 4GB address space. The Java Heap base address is the
#     maximum limit for the native heap growth. Please use -XX:HeapBaseMinAddress
#     to set the Java Heap base and to place the Java Heap above 4GB virtual address.
# This output file may be truncated or incomplete.
#
#  Out of Memory Error (arena.cpp:168), pid=6112, tid=9588
#
# JRE version: OpenJDK Runtime Environment Temurin-21.0.6+7 (21.0.6+7) (build 21.0.6+7-LTS)
# Java VM: OpenJDK 64-Bit Server VM Temurin-21.0.6+7 (21.0.6+7-LTS, mixed mode, sharing, tiered, compressed oops, compressed class ptrs, parallel gc, windows-amd64)
# No core dump will be written. Minidumps are not enabled by default on client versions of Windows
#

---------------  S U M M A R Y ------------

Command Line: --add-modules=ALL-SYSTEM --add-opens=java.base/java.util=ALL-UNNAMED --add-opens=java.base/java.lang=ALL-UNNAMED --add-opens=java.base/sun.nio.fs=ALL-UNNAMED -Declipse.application=org.eclipse.jdt.ls.core.id1 -Dosgi.bundles.defaultStartLevel=4 -Declipse.product=org.eclipse.jdt.ls.core.product -Djava.import.generatesMetadataFilesAtProjectRoot=false -DDetectVMInstallationsJob.disabled=true -Dfile.encoding=utf8 -XX:+UseParallelGC -XX:GCTimeRatio=4 -XX:AdaptiveSizePolicyWeight=90 -Dsun.zip.disableMemoryMapping=true -Xmx1G -Xms100m -Xlog:disable -javaagent:c:\Users\MINEDUCYT\.vscode\extensions\redhat.java-1.41.1-win32-x64\lombok\lombok-1.18.36.jar -XX:+HeapDumpOnOutOfMemoryError -XX:HeapDumpPath=c:\Users\MINEDUCYT\AppData\Roaming\Code\User\workspaceStorage\dcaa39590b8e13a353bdcb9ce0e59f49\redhat.java -Daether.dependencyCollector.impl=bf c:\Users\MINEDUCYT\.vscode\extensions\redhat.java-1.41.1-win32-x64\server\plugins\org.eclipse.equinox.launcher_1.7.0.v20250331-1702.jar -configuration c:\Users\MINEDUCYT\AppData\Roaming\Code\User\globalStorage\redhat.java\1.41.1\config_win -data c:\Users\MINEDUCYT\AppData\Roaming\Code\User\workspaceStorage\dcaa39590b8e13a353bdcb9ce0e59f49\redhat.java\jdt_ws --pipe=\\.\pipe\lsp-4e8b181ffa629f15a169cc1d807acc26-sock

Host: Intel(R) Celeron(R) N4120 CPU @ 1.10GHz, 4 cores, 3G,  Windows 10 , 64 bit Build 19041 (10.0.19041.5678)
Time: Mon Apr 28 20:10:38 2025 Hora estándar, América Central elapsed time: 54.649894 seconds (0d 0h 0m 54s)

---------------  T H R E A D  ---------------

Current thread (0x0000020b49451090):  JavaThread "C2 CompilerThread0" daemon [_thread_in_native, id=9588, stack(0x000000f699000000,0x000000f699100000) (1024K)]


Current CompileTask:
C2:54650 8402   !   4       org.eclipse.jdt.internal.core.search.indexing.BinaryIndexer::indexDocument (1204 bytes)

Stack: [0x000000f699000000,0x000000f699100000]
Native frames: (J=compiled Java code, j=interpreted, Vv=VM code, C=native code)
V  [jvm.dll+0x6cdee9]
V  [jvm.dll+0x8a83d1]
V  [jvm.dll+0x8aa8fe]
V  [jvm.dll+0x8aafe3]
V  [jvm.dll+0x27f706]
V  [jvm.dll+0xc500d]
V  [jvm.dll+0xc5543]
V  [jvm.dll+0x3b6752]
V  [jvm.dll+0x1e0009]
V  [jvm.dll+0x247b42]
V  [jvm.dll+0x246fcf]
V  [jvm.dll+0x1c75ee]
V  [jvm.dll+0x25685a]
V  [jvm.dll+0x254dfa]
V  [jvm.dll+0x3f0256]
V  [jvm.dll+0x851f8b]
V  [jvm.dll+0x6cc5ed]
C  [ucrtbase.dll+0x21bb2]
C  [KERNEL32.DLL+0x17374]
C  [ntdll.dll+0x4cc91]


---------------  P R O C E S S  ---------------

Threads class SMR info:
_java_thread_list=0x0000020b91f37610, length=43, elements={
0x0000020b3511dd00, 0x0000020b49446b20, 0x0000020b49448420, 0x0000020b4944a340,
0x0000020b4944b250, 0x0000020b4944ee20, 0x0000020b4944fac0, 0x0000020b49451090,
0x0000020b494c82f0, 0x0000020b8b238070, 0x0000020b8b4a80c0, 0x0000020b8bb8eda0,
0x0000020b8bc608b0, 0x0000020b8bcf3830, 0x0000020b8bcfc680, 0x0000020b9057ae40,
0x0000020b902202f0, 0x0000020b8bd053d0, 0x0000020b8bd060f0, 0x0000020b8bd04020,
0x0000020b8bd06780, 0x0000020b8bd06e10, 0x0000020b8bd074a0, 0x0000020b8bd046b0,
0x0000020b8bd04d40, 0x0000020b8bd05a60, 0x0000020b92b4ab00, 0x0000020b92b490c0,
0x0000020b92b49750, 0x0000020b92b49de0, 0x0000020b92b4b190, 0x0000020b92b4a470,
0x0000020b92b4b820, 0x0000020b92b4beb0, 0x0000020b9285b480, 0x0000020b92858690,
0x0000020b92858d20, 0x0000020b9285a0d0, 0x0000020b9285dbe0, 0x0000020b9285e900,
0x0000020b9285adf0, 0x0000020b9285d550, 0x0000020b92858000
}

Java Threads: ( => current thread )
  0x0000020b3511dd00 JavaThread "main"                              [_thread_blocked, id=9520, stack(0x000000f698600000,0x000000f698700000) (1024K)]
  0x0000020b49446b20 JavaThread "Reference Handler"          daemon [_thread_blocked, id=7520, stack(0x000000f698a00000,0x000000f698b00000) (1024K)]
  0x0000020b49448420 JavaThread "Finalizer"                  daemon [_thread_blocked, id=6540, stack(0x000000f698b00000,0x000000f698c00000) (1024K)]
  0x0000020b4944a340 JavaThread "Signal Dispatcher"          daemon [_thread_blocked, id=1584, stack(0x000000f698c00000,0x000000f698d00000) (1024K)]
  0x0000020b4944b250 JavaThread "Attach Listener"            daemon [_thread_blocked, id=2452, stack(0x000000f698d00000,0x000000f698e00000) (1024K)]
  0x0000020b4944ee20 JavaThread "Service Thread"             daemon [_thread_blocked, id=3132, stack(0x000000f698e00000,0x000000f698f00000) (1024K)]
  0x0000020b4944fac0 JavaThread "Monitor Deflation Thread"   daemon [_thread_blocked, id=12756, stack(0x000000f698f00000,0x000000f699000000) (1024K)]
=>0x0000020b49451090 JavaThread "C2 CompilerThread0"         daemon [_thread_in_native, id=9588, stack(0x000000f699000000,0x000000f699100000) (1024K)]
  0x0000020b494c82f0 JavaThread "C1 CompilerThread0"         daemon [_thread_blocked, id=11088, stack(0x000000f699100000,0x000000f699200000) (1024K)]
  0x0000020b8b238070 JavaThread "Common-Cleaner"             daemon [_thread_blocked, id=2128, stack(0x000000f699200000,0x000000f699300000) (1024K)]
  0x0000020b8b4a80c0 JavaThread "Notification Thread"        daemon [_thread_blocked, id=11108, stack(0x000000f699300000,0x000000f699400000) (1024K)]
  0x0000020b8bb8eda0 JavaThread "Active Thread: Equinox Container: 2fceed29-1710-47d5-b2ec-c591686f4703"        [_thread_blocked, id=9288, stack(0x000000f699700000,0x000000f699800000) (1024K)]
  0x0000020b8bc608b0 JavaThread "Refresh Thread: Equinox Container: 2fceed29-1710-47d5-b2ec-c591686f4703" daemon [_thread_blocked, id=9888, stack(0x000000f699800000,0x000000f699900000) (1024K)]
  0x0000020b8bcf3830 JavaThread "Framework Event Dispatcher: Equinox Container: 2fceed29-1710-47d5-b2ec-c591686f4703" daemon [_thread_blocked, id=10336, stack(0x000000f699900000,0x000000f699a00000) (1024K)]
  0x0000020b8bcfc680 JavaThread "Start Level: Equinox Container: 2fceed29-1710-47d5-b2ec-c591686f4703" daemon [_thread_blocked, id=1384, stack(0x000000f699a00000,0x000000f699b00000) (1024K)]
  0x0000020b9057ae40 JavaThread "Bundle File Closer"         daemon [_thread_blocked, id=3528, stack(0x000000f699b00000,0x000000f699c00000) (1024K)]
  0x0000020b902202f0 JavaThread "SCR Component Actor"        daemon [_thread_blocked, id=7292, stack(0x000000f699c00000,0x000000f699d00000) (1024K)]
  0x0000020b8bd053d0 JavaThread "Worker-JM"                         [_thread_blocked, id=1012, stack(0x000000f699e00000,0x000000f699f00000) (1024K)]
  0x0000020b8bd060f0 JavaThread "JNA Cleaner"                daemon [_thread_blocked, id=13180, stack(0x000000f699f00000,0x000000f69a000000) (1024K)]
  0x0000020b8bd04020 JavaThread "Worker-0: Java indexing... "        [_thread_blocked, id=6544, stack(0x000000f69a000000,0x000000f69a100000) (1024K)]
  0x0000020b8bd06780 JavaThread "Worker-1: Check JDK Index"         [_thread_blocked, id=4284, stack(0x000000f69a100000,0x000000f69a200000) (1024K)]
  0x0000020b8bd06e10 JavaThread "Worker-2"                          [_thread_blocked, id=1784, stack(0x000000f69a200000,0x000000f69a300000) (1024K)]
  0x0000020b8bd074a0 JavaThread "Worker-3"                          [_thread_blocked, id=13580, stack(0x000000f69a300000,0x000000f69a400000) (1024K)]
  0x0000020b8bd046b0 JavaThread "Java indexing"              daemon [_thread_in_Java, id=3608, stack(0x000000f699d00000,0x000000f699e00000) (1024K)]
  0x0000020b8bd04d40 JavaThread "Worker-4"                          [_thread_blocked, id=2444, stack(0x000000f69a600000,0x000000f69a700000) (1024K)]
  0x0000020b8bd05a60 JavaThread "Worker-5"                          [_thread_blocked, id=10816, stack(0x000000f69a700000,0x000000f69a800000) (1024K)]
  0x0000020b92b4ab00 JavaThread "Thread-2"                   daemon [_thread_in_native, id=1472, stack(0x000000f69a800000,0x000000f69a900000) (1024K)]
  0x0000020b92b490c0 JavaThread "Thread-3"                   daemon [_thread_in_native, id=5068, stack(0x000000f69a900000,0x000000f69aa00000) (1024K)]
  0x0000020b92b49750 JavaThread "Thread-4"                   daemon [_thread_in_native, id=7456, stack(0x000000f69aa00000,0x000000f69ab00000) (1024K)]
  0x0000020b92b49de0 JavaThread "Thread-5"                   daemon [_thread_in_native, id=11948, stack(0x000000f69ab00000,0x000000f69ac00000) (1024K)]
  0x0000020b92b4b190 JavaThread "Thread-6"                   daemon [_thread_in_native, id=9300, stack(0x000000f69ac00000,0x000000f69ad00000) (1024K)]
  0x0000020b92b4a470 JavaThread "pool-2-thread-1"                   [_thread_blocked, id=9420, stack(0x000000f69ad00000,0x000000f69ae00000) (1024K)]
  0x0000020b92b4b820 JavaThread "WorkspaceEventsHandler"            [_thread_blocked, id=12732, stack(0x000000f69ae00000,0x000000f69af00000) (1024K)]
  0x0000020b92b4beb0 JavaThread "pool-1-thread-1"                   [_thread_blocked, id=12640, stack(0x000000f69af00000,0x000000f69b000000) (1024K)]
  0x0000020b9285b480 JavaThread "Compiler Source File Reader" daemon [_thread_blocked, id=5612, stack(0x000000f69b000000,0x000000f69b100000) (1024K)]
  0x0000020b92858690 JavaThread "Compiler Source File Reader" daemon [_thread_blocked, id=13368, stack(0x000000f69b100000,0x000000f69b200000) (1024K)]
  0x0000020b92858d20 JavaThread "Compiler Processing Task"   daemon [_thread_blocked, id=8940, stack(0x000000f69b200000,0x000000f69b300000) (1024K)]
  0x0000020b9285a0d0 JavaThread "Compiler Class File Writer" daemon [_thread_blocked, id=7316, stack(0x000000f69b300000,0x000000f69b400000) (1024K)]
  0x0000020b9285dbe0 JavaThread "Compiler Class File Writer" daemon [_thread_blocked, id=12196, stack(0x000000f69b400000,0x000000f69b500000) (1024K)]
  0x0000020b9285e900 JavaThread "ForkJoinPool.commonPool-worker-1" daemon [_thread_blocked, id=13440, stack(0x000000f69b500000,0x000000f69b600000) (1024K)]
  0x0000020b9285adf0 JavaThread "ForkJoinPool.commonPool-worker-2" daemon [_thread_blocked, id=10312, stack(0x000000f69b600000,0x000000f69b700000) (1024K)]
  0x0000020b9285d550 JavaThread "ForkJoinPool.commonPool-worker-3" daemon [_thread_blocked, id=7676, stack(0x000000f69b700000,0x000000f69b800000) (1024K)]
  0x0000020b92858000 JavaThread "Worker-6"                          [_thread_blocked, id=14272, stack(0x000000f69b800000,0x000000f69b900000) (1024K)]
Total: 43

Other Threads:
  0x0000020b351eebd0 VMThread "VM Thread"                           [id=10592, stack(0x000000f698900000,0x000000f698a00000) (1024K)]
  0x0000020b351e4ee0 WatcherThread "VM Periodic Task Thread"        [id=3040, stack(0x000000f698800000,0x000000f698900000) (1024K)]
  0x0000020b3513d120 WorkerThread "GC Thread#0"                     [id=5436, stack(0x000000f698700000,0x000000f698800000) (1024K)]
  0x0000020b8bb7f6a0 WorkerThread "GC Thread#1"                     [id=13428, stack(0x000000f699400000,0x000000f699500000) (1024K)]
  0x0000020b8bbf56c0 WorkerThread "GC Thread#2"                     [id=2988, stack(0x000000f699500000,0x000000f699600000) (1024K)]
  0x0000020b8bbf5a60 WorkerThread "GC Thread#3"                     [id=10616, stack(0x000000f699600000,0x000000f699700000) (1024K)]
Total: 6

Threads with active compile tasks:
C2 CompilerThread0  54721 8402   !   4       org.eclipse.jdt.internal.core.search.indexing.BinaryIndexer::indexDocument (1204 bytes)
Total: 1

VM state: not at safepoint (normal execution)

VM Mutex/Monitor currently owned by a thread: None

Heap address: 0x00000000c0000000, size: 1024 MB, Compressed Oops mode: 32-bit

CDS archive(s) mapped at: [0x0000020b4a000000-0x0000020b4aba0000-0x0000020b4aba0000), size 12189696, SharedBaseAddress: 0x0000020b4a000000, ArchiveRelocationMode: 1.
Compressed class space mapped at: 0x0000020b4b000000-0x0000020b8b000000, reserved size: 1073741824
Narrow klass base: 0x0000020b4a000000, Narrow klass shift: 0, Narrow klass range: 0x100000000

GC Precious Log:
 CardTable entry size: 512
 CPUs: 4 total, 4 available
 Memory: 3917M
 Large Page Support: Disabled
 NUMA Support: Disabled
 Compressed Oops: Enabled (32-bit)
 Alignments: Space 512K, Generation 512K, Heap 2M
 Heap Min Capacity: 100M
 Heap Initial Capacity: 100M
 Heap Max Capacity: 1G
 Pre-touch: Disabled
 Parallel Workers: 4

Heap:
 PSYoungGen      total 11776K, used 7066K [0x00000000eab00000, 0x00000000eb900000, 0x0000000100000000)
  eden space 9216K, 52% used [0x00000000eab00000,0x00000000eafb9de8,0x00000000eb400000)
  from space 2560K, 87% used [0x00000000eb400000,0x00000000eb62cce0,0x00000000eb680000)
  to   space 2560K, 0% used [0x00000000eb680000,0x00000000eb680000,0x00000000eb900000)
 ParOldGen       total 95232K, used 94987K [0x00000000c0000000, 0x00000000c5d00000, 0x00000000eab00000)
  object space 95232K, 99% used [0x00000000c0000000,0x00000000c5cc2d80,0x00000000c5d00000)
 Metaspace       used 59985K, committed 61440K, reserved 1114112K
  class space    used 6221K, committed 6848K, reserved 1048576K

Card table byte_map: [0x0000020b34af0000,0x0000020b34d00000] _byte_map_base: 0x0000020b344f0000

Marking Bits: (ParMarkBitMap*) 0x00007ffb77a63260
 Begin Bits: [0x0000020b47320000, 0x0000020b48320000)
 End Bits:   [0x0000020b48320000, 0x0000020b49320000)

Polling page: 0x0000020b33010000

Metaspace:

Usage:
  Non-class:     52.50 MB used.
      Class:      6.08 MB used.
       Both:     58.58 MB used.

Virtual space:
  Non-class space:       64.00 MB reserved,      53.31 MB ( 83%) committed,  1 nodes.
      Class space:        1.00 GB reserved,       6.69 MB ( <1%) committed,  1 nodes.
             Both:        1.06 GB reserved,      60.00 MB (  6%) committed. 

Chunk freelists:
   Non-Class:  9.81 MB
       Class:  9.37 MB
        Both:  19.18 MB

MaxMetaspaceSize: unlimited
CompressedClassSpaceSize: 1.00 GB
Initial GC threshold: 21.00 MB
Current GC threshold: 97.31 MB
CDS: on
 - commit_granule_bytes: 65536.
 - commit_granule_words: 8192.
 - virtual_space_node_default_size: 8388608.
 - enlarge_chunks_in_place: 1.
 - use_allocation_guard: 0.


Internal statistics:

num_allocs_failed_limit: 9.
num_arena_births: 994.
num_arena_deaths: 14.
num_vsnodes_births: 2.
num_vsnodes_deaths: 0.
num_space_committed: 960.
num_space_uncommitted: 0.
num_chunks_returned_to_freelist: 23.
num_chunks_taken_from_freelist: 3718.
num_chunk_merges: 15.
num_chunk_splits: 2324.
num_chunks_enlarged: 1360.
num_inconsistent_stats: 0.

CodeHeap 'non-profiled nmethods': size=120000Kb used=4394Kb max_used=4394Kb free=115605Kb
 bounds [0x0000020b3fdf0000, 0x0000020b40240000, 0x0000020b47320000]
CodeHeap 'profiled nmethods': size=120000Kb used=17179Kb max_used=17179Kb free=102820Kb
 bounds [0x0000020b38320000, 0x0000020b393f0000, 0x0000020b3f850000]
CodeHeap 'non-nmethods': size=5760Kb used=1428Kb max_used=1460Kb free=4331Kb
 bounds [0x0000020b3f850000, 0x0000020b3fac0000, 0x0000020b3fdf0000]
 total_blobs=8544 nmethods=7795 adapters=656
 compilation: enabled
              stopped_count=0, restarted_count=0
 full_count=0

Compilation events (20 events):
Event: 54.406 Thread 0x0000020b494c82f0 8571       2       java.lang.StringCoding::implEncodeAsciiArray (47 bytes)
Event: 54.407 Thread 0x0000020b494c82f0 nmethod 8571 0x0000020b393dfe10 code [0x0000020b393dffc0, 0x0000020b393e0178]
Event: 54.408 Thread 0x0000020b494c82f0 8572       2       java.lang.invoke.MemberName::equals (24 bytes)
Event: 54.408 Thread 0x0000020b494c82f0 nmethod 8572 0x0000020b393e0310 code [0x0000020b393e04c0, 0x0000020b393e0680]
Event: 54.415 Thread 0x0000020b494c82f0 8573   !   2       org.eclipse.jdt.ls.core.internal.CancellableProgressMonitor::isCanceled (33 bytes)
Event: 54.415 Thread 0x0000020b494c82f0 nmethod 8573 0x0000020b393e0710 code [0x0000020b393e08e0, 0x0000020b393e0c80]
Event: 54.427 Thread 0x0000020b494c82f0 8574       2       org.eclipse.osgi.internal.log.EquinoxLogWriter::writeSpace (7 bytes)
Event: 54.428 Thread 0x0000020b494c82f0 nmethod 8574 0x0000020b393e0f90 code [0x0000020b393e1140, 0x0000020b393e12e8]
Event: 54.428 Thread 0x0000020b494c82f0 8575       2       java.util.Calendar::setFieldsComputed (118 bytes)
Event: 54.428 Thread 0x0000020b494c82f0 nmethod 8575 0x0000020b393e1410 code [0x0000020b393e15e0, 0x0000020b393e18f0]
Event: 54.429 Thread 0x0000020b494c82f0 8576   !   2       org.eclipse.osgi.internal.log.ExtendedLogReaderServiceFactory::safeIsLoggable (30 bytes)
Event: 54.429 Thread 0x0000020b494c82f0 nmethod 8576 0x0000020b393e1b90 code [0x0000020b393e1d80, 0x0000020b393e2148]
Event: 54.480 Thread 0x0000020b494c82f0 8577   !   3       org.eclipse.jdt.core.Signature::getTypeParameters (313 bytes)
Event: 54.482 Thread 0x0000020b494c82f0 nmethod 8577 0x0000020b393e2310 code [0x0000020b393e2660, 0x0000020b393e3b10]
Event: 54.486 Thread 0x0000020b494c82f0 8578       3       org.eclipse.jdt.internal.compiler.classfmt.MethodInfo::decodeCodeAttribute (143 bytes)
Event: 54.487 Thread 0x0000020b494c82f0 nmethod 8578 0x0000020b393e4510 code [0x0000020b393e4760, 0x0000020b393e5300]
Event: 54.494 Thread 0x0000020b494c82f0 8579       3       org.eclipse.jdt.core.Signature::checkArrayDimension (92 bytes)
Event: 54.495 Thread 0x0000020b494c82f0 nmethod 8579 0x0000020b393e5790 code [0x0000020b393e5960, 0x0000020b393e5d00]
Event: 54.520 Thread 0x0000020b494c82f0 8580       3       org.eclipse.jdt.core.Signature::encodeQualifiedName (207 bytes)
Event: 54.522 Thread 0x0000020b494c82f0 nmethod 8580 0x0000020b393e5e10 code [0x0000020b393e6100, 0x0000020b393e71c0]

GC Heap History (20 events):
Event: 51.743 GC heap before
{Heap before GC invocations=47 (full 2):
 PSYoungGen      total 12288K, used 12256K [0x00000000eab00000, 0x00000000ebf80000, 0x0000000100000000)
  eden space 11264K, 100% used [0x00000000eab00000,0x00000000eb600000,0x00000000eb600000)
  from space 1024K, 96% used [0x00000000eba80000,0x00000000ebb78368,0x00000000ebb80000)
  to   space 4608K, 0% used [0x00000000eb600000,0x00000000eb600000,0x00000000eba80000)
 ParOldGen       total 89088K, used 88881K [0x00000000c0000000, 0x00000000c5700000, 0x00000000eab00000)
  object space 89088K, 99% used [0x00000000c0000000,0x00000000c56cc678,0x00000000c5700000)
 Metaspace       used 57901K, committed 59264K, reserved 1114112K
  class space    used 6015K, committed 6592K, reserved 1048576K
}
Event: 51.747 GC heap after
{Heap after GC invocations=47 (full 2):
 PSYoungGen      total 13824K, used 2079K [0x00000000eab00000, 0x00000000ebc00000, 0x0000000100000000)
  eden space 11264K, 0% used [0x00000000eab00000,0x00000000eab00000,0x00000000eb600000)
  from space 2560K, 81% used [0x00000000eb600000,0x00000000eb807cd0,0x00000000eb880000)
  to   space 3072K, 0% used [0x00000000eb900000,0x00000000eb900000,0x00000000ebc00000)
 ParOldGen       total 90112K, used 89837K [0x00000000c0000000, 0x00000000c5800000, 0x00000000eab00000)
  object space 90112K, 99% used [0x00000000c0000000,0x00000000c57bb7c0,0x00000000c5800000)
 Metaspace       used 57901K, committed 59264K, reserved 1114112K
  class space    used 6015K, committed 6592K, reserved 1048576K
}
Event: 51.932 GC heap before
{Heap before GC invocations=48 (full 2):
 PSYoungGen      total 13824K, used 9850K [0x00000000eab00000, 0x00000000ebc00000, 0x0000000100000000)
  eden space 11264K, 68% used [0x00000000eab00000,0x00000000eb296cd0,0x00000000eb600000)
  from space 2560K, 81% used [0x00000000eb600000,0x00000000eb807cd0,0x00000000eb880000)
  to   space 3072K, 0% used [0x00000000eb900000,0x00000000eb900000,0x00000000ebc00000)
 ParOldGen       total 90112K, used 89837K [0x00000000c0000000, 0x00000000c5800000, 0x00000000eab00000)
  object space 90112K, 99% used [0x00000000c0000000,0x00000000c57bb7c0,0x00000000c5800000)
 Metaspace       used 58422K, committed 59776K, reserved 1114112K
  class space    used 6060K, committed 6656K, reserved 1048576K
}
Event: 51.940 GC heap after
{Heap after GC invocations=48 (full 2):
 PSYoungGen      total 13312K, used 1593K [0x00000000eab00000, 0x00000000ebb00000, 0x0000000100000000)
  eden space 11264K, 0% used [0x00000000eab00000,0x00000000eab00000,0x00000000eb600000)
  from space 2048K, 77% used [0x00000000eb900000,0x00000000eba8e408,0x00000000ebb00000)
  to   space 2048K, 0% used [0x00000000eb700000,0x00000000eb700000,0x00000000eb900000)
 ParOldGen       total 92160K, used 91748K [0x00000000c0000000, 0x00000000c5a00000, 0x00000000eab00000)
  object space 92160K, 99% used [0x00000000c0000000,0x00000000c5999238,0x00000000c5a00000)
 Metaspace       used 58422K, committed 59776K, reserved 1114112K
  class space    used 6060K, committed 6656K, reserved 1048576K
}
Event: 51.940 GC heap before
{Heap before GC invocations=49 (full 3):
 PSYoungGen      total 13312K, used 1593K [0x00000000eab00000, 0x00000000ebb00000, 0x0000000100000000)
  eden space 11264K, 0% used [0x00000000eab00000,0x00000000eab00000,0x00000000eb600000)
  from space 2048K, 77% used [0x00000000eb900000,0x00000000eba8e408,0x00000000ebb00000)
  to   space 2048K, 0% used [0x00000000eb700000,0x00000000eb700000,0x00000000eb900000)
 ParOldGen       total 92160K, used 91748K [0x00000000c0000000, 0x00000000c5a00000, 0x00000000eab00000)
  object space 92160K, 99% used [0x00000000c0000000,0x00000000c5999238,0x00000000c5a00000)
 Metaspace       used 58422K, committed 59776K, reserved 1114112K
  class space    used 6060K, committed 6656K, reserved 1048576K
}
Event: 52.225 GC heap after
{Heap after GC invocations=49 (full 3):
 PSYoungGen      total 13312K, used 0K [0x00000000eab00000, 0x00000000ebb00000, 0x0000000100000000)
  eden space 11264K, 0% used [0x00000000eab00000,0x00000000eab00000,0x00000000eb600000)
  from space 2048K, 0% used [0x00000000eb900000,0x00000000eb900000,0x00000000ebb00000)
  to   space 2048K, 0% used [0x00000000eb700000,0x00000000eb700000,0x00000000eb900000)
 ParOldGen       total 92160K, used 83342K [0x00000000c0000000, 0x00000000c5a00000, 0x00000000eab00000)
  object space 92160K, 90% used [0x00000000c0000000,0x00000000c51639f8,0x00000000c5a00000)
 Metaspace       used 58422K, committed 59776K, reserved 1114112K
  class space    used 6060K, committed 6656K, reserved 1048576K
}
Event: 52.800 GC heap before
{Heap before GC invocations=50 (full 3):
 PSYoungGen      total 13312K, used 11264K [0x00000000eab00000, 0x00000000ebb00000, 0x0000000100000000)
  eden space 11264K, 100% used [0x00000000eab00000,0x00000000eb600000,0x00000000eb600000)
  from space 2048K, 0% used [0x00000000eb900000,0x00000000eb900000,0x00000000ebb00000)
  to   space 2048K, 0% used [0x00000000eb700000,0x00000000eb700000,0x00000000eb900000)
 ParOldGen       total 92160K, used 83342K [0x00000000c0000000, 0x00000000c5a00000, 0x00000000eab00000)
  object space 92160K, 90% used [0x00000000c0000000,0x00000000c51639f8,0x00000000c5a00000)
 Metaspace       used 59012K, committed 60352K, reserved 1114112K
  class space    used 6133K, committed 6720K, reserved 1048576K
}
Event: 52.809 GC heap after
{Heap after GC invocations=50 (full 3):
 PSYoungGen      total 13312K, used 1840K [0x00000000eab00000, 0x00000000eba00000, 0x0000000100000000)
  eden space 11264K, 0% used [0x00000000eab00000,0x00000000eab00000,0x00000000eb600000)
  from space 2048K, 89% used [0x00000000eb700000,0x00000000eb8cc198,0x00000000eb900000)
  to   space 1024K, 0% used [0x00000000eb900000,0x00000000eb900000,0x00000000eba00000)
 ParOldGen       total 92160K, used 83350K [0x00000000c0000000, 0x00000000c5a00000, 0x00000000eab00000)
  object space 92160K, 90% used [0x00000000c0000000,0x00000000c51659f8,0x00000000c5a00000)
 Metaspace       used 59012K, committed 60352K, reserved 1114112K
  class space    used 6133K, committed 6720K, reserved 1048576K
}
Event: 53.695 GC heap before
{Heap before GC invocations=51 (full 3):
 PSYoungGen      total 13312K, used 13053K [0x00000000eab00000, 0x00000000eba00000, 0x0000000100000000)
  eden space 11264K, 99% used [0x00000000eab00000,0x00000000eb5f3300,0x00000000eb600000)
  from space 2048K, 89% used [0x00000000eb700000,0x00000000eb8cc198,0x00000000eb900000)
  to   space 1024K, 0% used [0x00000000eb900000,0x00000000eb900000,0x00000000eba00000)
 ParOldGen       total 92160K, used 83350K [0x00000000c0000000, 0x00000000c5a00000, 0x00000000eab00000)
  object space 92160K, 90% used [0x00000000c0000000,0x00000000c51659f8,0x00000000c5a00000)
 Metaspace       used 59214K, committed 60544K, reserved 1114112K
  class space    used 6151K, committed 6720K, reserved 1048576K
}
Event: 53.701 GC heap after
{Heap after GC invocations=51 (full 3):
 PSYoungGen      total 10752K, used 1001K [0x00000000eab00000, 0x00000000ebf00000, 0x0000000100000000)
  eden space 9728K, 0% used [0x00000000eab00000,0x00000000eab00000,0x00000000eb480000)
  from space 1024K, 97% used [0x00000000eb900000,0x00000000eb9fa4f0,0x00000000eba00000)
  to   space 4608K, 0% used [0x00000000eb480000,0x00000000eb480000,0x00000000eb900000)
 ParOldGen       total 92160K, used 86527K [0x00000000c0000000, 0x00000000c5a00000, 0x00000000eab00000)
  object space 92160K, 93% used [0x00000000c0000000,0x00000000c547fe30,0x00000000c5a00000)
 Metaspace       used 59214K, committed 60544K, reserved 1114112K
  class space    used 6151K, committed 6720K, reserved 1048576K
}
Event: 53.861 GC heap before
{Heap before GC invocations=52 (full 3):
 PSYoungGen      total 10752K, used 10670K [0x00000000eab00000, 0x00000000ebf00000, 0x0000000100000000)
  eden space 9728K, 99% used [0x00000000eab00000,0x00000000eb471448,0x00000000eb480000)
  from space 1024K, 97% used [0x00000000eb900000,0x00000000eb9fa4f0,0x00000000eba00000)
  to   space 4608K, 0% used [0x00000000eb480000,0x00000000eb480000,0x00000000eb900000)
 ParOldGen       total 92160K, used 86527K [0x00000000c0000000, 0x00000000c5a00000, 0x00000000eab00000)
  object space 92160K, 93% used [0x00000000c0000000,0x00000000c547fe30,0x00000000c5a00000)
 Metaspace       used 59340K, committed 60672K, reserved 1114112K
  class space    used 6164K, committed 6720K, reserved 1048576K
}
Event: 53.866 GC heap after
{Heap after GC invocations=52 (full 3):
 PSYoungGen      total 12288K, used 2306K [0x00000000eab00000, 0x00000000eba80000, 0x0000000100000000)
  eden space 9728K, 0% used [0x00000000eab00000,0x00000000eab00000,0x00000000eb480000)
  from space 2560K, 90% used [0x00000000eb480000,0x00000000eb6c0840,0x00000000eb700000)
  to   space 3072K, 0% used [0x00000000eb780000,0x00000000eb780000,0x00000000eba80000)
 ParOldGen       total 92160K, used 87457K [0x00000000c0000000, 0x00000000c5a00000, 0x00000000eab00000)
  object space 92160K, 94% used [0x00000000c0000000,0x00000000c5568410,0x00000000c5a00000)
 Metaspace       used 59340K, committed 60672K, reserved 1114112K
  class space    used 6164K, committed 6720K, reserved 1048576K
}
Event: 54.058 GC heap before
{Heap before GC invocations=53 (full 3):
 PSYoungGen      total 12288K, used 12034K [0x00000000eab00000, 0x00000000eba80000, 0x0000000100000000)
  eden space 9728K, 100% used [0x00000000eab00000,0x00000000eb480000,0x00000000eb480000)
  from space 2560K, 90% used [0x00000000eb480000,0x00000000eb6c0840,0x00000000eb700000)
  to   space 3072K, 0% used [0x00000000eb780000,0x00000000eb780000,0x00000000eba80000)
 ParOldGen       total 92160K, used 87457K [0x00000000c0000000, 0x00000000c5a00000, 0x00000000eab00000)
  object space 92160K, 94% used [0x00000000c0000000,0x00000000c5568410,0x00000000c5a00000)
 Metaspace       used 59785K, committed 61120K, reserved 1114112K
  class space    used 6204K, committed 6784K, reserved 1048576K
}
Event: 54.063 GC heap after
{Heap after GC invocations=53 (full 3):
 PSYoungGen      total 12288K, used 3057K [0x00000000eab00000, 0x00000000ebb80000, 0x0000000100000000)
  eden space 9216K, 0% used [0x00000000eab00000,0x00000000eab00000,0x00000000eb400000)
  from space 3072K, 99% used [0x00000000eb780000,0x00000000eba7c400,0x00000000eba80000)
  to   space 3584K, 0% used [0x00000000eb400000,0x00000000eb400000,0x00000000eb780000)
 ParOldGen       total 92160K, used 89451K [0x00000000c0000000, 0x00000000c5a00000, 0x00000000eab00000)
  object space 92160K, 97% used [0x00000000c0000000,0x00000000c575ac10,0x00000000c5a00000)
 Metaspace       used 59785K, committed 61120K, reserved 1114112K
  class space    used 6204K, committed 6784K, reserved 1048576K
}
Event: 54.294 GC heap before
{Heap before GC invocations=54 (full 3):
 PSYoungGen      total 12288K, used 12273K [0x00000000eab00000, 0x00000000ebb80000, 0x0000000100000000)
  eden space 9216K, 100% used [0x00000000eab00000,0x00000000eb400000,0x00000000eb400000)
  from space 3072K, 99% used [0x00000000eb780000,0x00000000eba7c400,0x00000000eba80000)
  to   space 3584K, 0% used [0x00000000eb400000,0x00000000eb400000,0x00000000eb780000)
 ParOldGen       total 92160K, used 89451K [0x00000000c0000000, 0x00000000c5a00000, 0x00000000eab00000)
  object space 92160K, 97% used [0x00000000c0000000,0x00000000c575ac10,0x00000000c5a00000)
 Metaspace       used 59885K, committed 61248K, reserved 1114112K
  class space    used 6208K, committed 6784K, reserved 1048576K
}
Event: 54.300 GC heap after
{Heap after GC invocations=54 (full 3):
 PSYoungGen      total 11776K, used 2377K [0x00000000eab00000, 0x00000000eba00000, 0x0000000100000000)
  eden space 9216K, 0% used [0x00000000eab00000,0x00000000eab00000,0x00000000eb400000)
  from space 2560K, 92% used [0x00000000eb400000,0x00000000eb652400,0x00000000eb680000)
  to   space 3072K, 0% used [0x00000000eb700000,0x00000000eb700000,0x00000000eba00000)
 ParOldGen       total 92160K, used 90915K [0x00000000c0000000, 0x00000000c5a00000, 0x00000000eab00000)
  object space 92160K, 98% used [0x00000000c0000000,0x00000000c58c8de8,0x00000000c5a00000)
 Metaspace       used 59885K, committed 61248K, reserved 1114112K
  class space    used 6208K, committed 6784K, reserved 1048576K
}
Event: 54.450 GC heap before
{Heap before GC invocations=55 (full 3):
 PSYoungGen      total 11776K, used 11593K [0x00000000eab00000, 0x00000000eba00000, 0x0000000100000000)
  eden space 9216K, 100% used [0x00000000eab00000,0x00000000eb400000,0x00000000eb400000)
  from space 2560K, 92% used [0x00000000eb400000,0x00000000eb652400,0x00000000eb680000)
  to   space 3072K, 0% used [0x00000000eb700000,0x00000000eb700000,0x00000000eba00000)
 ParOldGen       total 92160K, used 90915K [0x00000000c0000000, 0x00000000c5a00000, 0x00000000eab00000)
  object space 92160K, 98% used [0x00000000c0000000,0x00000000c58c8de8,0x00000000c5a00000)
 Metaspace       used 59985K, committed 61440K, reserved 1114112K
  class space    used 6221K, committed 6848K, reserved 1048576K
}
Event: 54.459 GC heap after
{Heap after GC invocations=55 (full 3):
 PSYoungGen      total 11264K, used 1945K [0x00000000eab00000, 0x00000000eb900000, 0x0000000100000000)
  eden space 9216K, 0% used [0x00000000eab00000,0x00000000eab00000,0x00000000eb400000)
  from space 2048K, 94% used [0x00000000eb700000,0x00000000eb8e6618,0x00000000eb900000)
  to   space 2560K, 0% used [0x00000000eb400000,0x00000000eb400000,0x00000000eb680000)
 ParOldGen       total 93184K, used 93152K [0x00000000c0000000, 0x00000000c5b00000, 0x00000000eab00000)
  object space 93184K, 99% used [0x00000000c0000000,0x00000000c5af8338,0x00000000c5b00000)
 Metaspace       used 59985K, committed 61440K, reserved 1114112K
  class space    used 6221K, committed 6848K, reserved 1048576K
}
Event: 54.576 GC heap before
{Heap before GC invocations=56 (full 3):
 PSYoungGen      total 11264K, used 11161K [0x00000000eab00000, 0x00000000eb900000, 0x0000000100000000)
  eden space 9216K, 100% used [0x00000000eab00000,0x00000000eb400000,0x00000000eb400000)
  from space 2048K, 94% used [0x00000000eb700000,0x00000000eb8e6618,0x00000000eb900000)
  to   space 2560K, 0% used [0x00000000eb400000,0x00000000eb400000,0x00000000eb680000)
 ParOldGen       total 93184K, used 93152K [0x00000000c0000000, 0x00000000c5b00000, 0x00000000eab00000)
  object space 93184K, 99% used [0x00000000c0000000,0x00000000c5af8338,0x00000000c5b00000)
 Metaspace       used 59985K, committed 61440K, reserved 1114112K
  class space    used 6221K, committed 6848K, reserved 1048576K
}
Event: 54.586 GC heap after
{Heap after GC invocations=56 (full 3):
 PSYoungGen      total 11776K, used 2227K [0x00000000eab00000, 0x00000000eb900000, 0x0000000100000000)
  eden space 9216K, 0% used [0x00000000eab00000,0x00000000eab00000,0x00000000eb400000)
  from space 2560K, 87% used [0x00000000eb400000,0x00000000eb62cce0,0x00000000eb680000)
  to   space 2560K, 0% used [0x00000000eb680000,0x00000000eb680000,0x00000000eb900000)
 ParOldGen       total 95232K, used 94987K [0x00000000c0000000, 0x00000000c5d00000, 0x00000000eab00000)
  object space 95232K, 99% used [0x00000000c0000000,0x00000000c5cc2d80,0x00000000c5d00000)
 Metaspace       used 59985K, committed 61440K, reserved 1114112K
  class space    used 6221K, committed 6848K, reserved 1048576K
}

Dll operation events (10 events):
Event: 0.022 Loaded shared library c:\Users\MINEDUCYT\.vscode\extensions\redhat.java-1.41.1-win32-x64\jre\21.0.6-win32-x86_64\bin\java.dll
Event: 0.405 Loaded shared library c:\Users\MINEDUCYT\.vscode\extensions\redhat.java-1.41.1-win32-x64\jre\21.0.6-win32-x86_64\bin\zip.dll
Event: 0.611 Loaded shared library C:\Users\MINEDUCYT\.vscode\extensions\redhat.java-1.41.1-win32-x64\jre\21.0.6-win32-x86_64\bin\instrument.dll
Event: 0.626 Loaded shared library C:\Users\MINEDUCYT\.vscode\extensions\redhat.java-1.41.1-win32-x64\jre\21.0.6-win32-x86_64\bin\net.dll
Event: 0.632 Loaded shared library C:\Users\MINEDUCYT\.vscode\extensions\redhat.java-1.41.1-win32-x64\jre\21.0.6-win32-x86_64\bin\nio.dll
Event: 0.641 Loaded shared library C:\Users\MINEDUCYT\.vscode\extensions\redhat.java-1.41.1-win32-x64\jre\21.0.6-win32-x86_64\bin\zip.dll
Event: 0.929 Loaded shared library C:\Users\MINEDUCYT\.vscode\extensions\redhat.java-1.41.1-win32-x64\jre\21.0.6-win32-x86_64\bin\jimage.dll
Event: 1.771 Loaded shared library c:\Users\MINEDUCYT\.vscode\extensions\redhat.java-1.41.1-win32-x64\jre\21.0.6-win32-x86_64\bin\verify.dll
Event: 5.840 Loaded shared library C:\Users\MINEDUCYT\AppData\Roaming\Code\User\globalStorage\redhat.java\1.41.1\config_win\org.eclipse.equinox.launcher\org.eclipse.equinox.launcher.win32.win32.x86_64_1.2.1300.v20250331-1702\eclipse_11911.dll
Event: 11.127 Loaded shared library C:\Users\MINEDUCYT\AppData\Local\Temp\jna--812283910\jna13360549053841026046.dll

Deoptimization events (20 events):
Event: 52.992 Thread 0x0000020b9285e900 DEOPT PACKING pc=0x0000020b402151d0 sp=0x000000f69b5fde00
Event: 52.992 Thread 0x0000020b9285e900 DEOPT UNPACKING pc=0x0000020b3f8a3a9c sp=0x000000f69b5fddc8 mode 2
Event: 53.416 Thread 0x0000020b9285e900 Uncommon trap: trap_request=0xffffffd6 fr.pc=0x0000020b402151d0 relative=0x0000000000000790
Event: 53.416 Thread 0x0000020b9285e900 Uncommon trap: reason=array_check action=maybe_recompile pc=0x0000020b402151d0 method=java.util.TimSort.binarySort([Ljava/lang/Object;IIILjava/util/Comparator;)V @ 215 c2
Event: 53.416 Thread 0x0000020b9285e900 DEOPT PACKING pc=0x0000020b402151d0 sp=0x000000f69b5fdb20
Event: 53.416 Thread 0x0000020b9285e900 DEOPT UNPACKING pc=0x0000020b3f8a3a9c sp=0x000000f69b5fdae8 mode 2
Event: 54.019 Thread 0x0000020b8bd04d40 DEOPT PACKING pc=0x0000020b38994f9f sp=0x000000f69a6fece0
Event: 54.019 Thread 0x0000020b8bd04d40 DEOPT UNPACKING pc=0x0000020b3f8a4223 sp=0x000000f69a6fe1b8 mode 0
Event: 54.113 Thread 0x0000020b8bd04d40 Uncommon trap: trap_request=0xffffff45 fr.pc=0x0000020b40228b98 relative=0x0000000000000078
Event: 54.113 Thread 0x0000020b8bd04d40 Uncommon trap: reason=unstable_if action=reinterpret pc=0x0000020b40228b98 method=org.eclipse.jdt.internal.compiler.classfmt.MethodInfo.getModifiers()I @ 5 c2
Event: 54.113 Thread 0x0000020b8bd04d40 DEOPT PACKING pc=0x0000020b40228b98 sp=0x000000f69a6fe220
Event: 54.113 Thread 0x0000020b8bd04d40 DEOPT UNPACKING pc=0x0000020b3f8a3a9c sp=0x000000f69a6fe1b8 mode 2
Event: 54.476 Thread 0x0000020b8bd046b0 Uncommon trap: trap_request=0xffffff45 fr.pc=0x0000020b401f3ce4 relative=0x0000000000001a24
Event: 54.476 Thread 0x0000020b8bd046b0 Uncommon trap: reason=unstable_if action=reinterpret pc=0x0000020b401f3ce4 method=org.eclipse.jdt.internal.compiler.classfmt.MethodInfo.decodeLocalVariableAttribute(II)V @ 14 c2
Event: 54.476 Thread 0x0000020b8bd046b0 DEOPT PACKING pc=0x0000020b401f3ce4 sp=0x000000f699dfe910
Event: 54.476 Thread 0x0000020b8bd046b0 DEOPT UNPACKING pc=0x0000020b3f8a3a9c sp=0x000000f699dfe830 mode 2
Event: 54.494 Thread 0x0000020b8bd046b0 DEOPT PACKING pc=0x0000020b39199f57 sp=0x000000f699dfe760
Event: 54.494 Thread 0x0000020b8bd046b0 DEOPT UNPACKING pc=0x0000020b3f8a4223 sp=0x000000f699dfdbc8 mode 0
Event: 54.520 Thread 0x0000020b8bd046b0 DEOPT PACKING pc=0x0000020b3919ec16 sp=0x000000f699dfe6d0
Event: 54.520 Thread 0x0000020b8bd046b0 DEOPT UNPACKING pc=0x0000020b3f8a4223 sp=0x000000f699dfdba8 mode 0

Classes loaded (20 events):
Event: 50.995 Loading class java/util/Collections$SynchronizedRandomAccessList
Event: 50.995 Loading class java/util/Collections$SynchronizedList
Event: 50.996 Loading class java/util/Collections$SynchronizedList done
Event: 50.996 Loading class java/util/Collections$SynchronizedRandomAccessList done
Event: 51.033 Loading class java/util/regex/PatternSyntaxException
Event: 51.033 Loading class java/util/regex/PatternSyntaxException done
Event: 51.332 Loading class java/util/concurrent/CompletableFuture$Signaller
Event: 51.332 Loading class java/util/concurrent/CompletableFuture$Signaller done
Event: 51.490 Loading class java/nio/charset/CharacterCodingException
Event: 51.490 Loading class java/nio/charset/CharacterCodingException done
Event: 51.491 Loading class java/io/SequenceInputStream
Event: 51.491 Loading class java/io/SequenceInputStream done
Event: 51.665 Loading class java/util/concurrent/CompletableFuture$UniApply
Event: 51.666 Loading class java/util/concurrent/CompletableFuture$UniApply done
Event: 51.672 Loading class java/util/concurrent/CompletableFuture$UniExceptionally
Event: 51.673 Loading class java/util/concurrent/CompletableFuture$UniExceptionally done
Event: 51.867 Loading class java/util/Hashtable$KeySet
Event: 51.867 Loading class java/util/Hashtable$KeySet done
Event: 52.815 Loading class java/util/concurrent/ForkJoinTask$AdaptedCallable
Event: 52.825 Loading class java/util/concurrent/ForkJoinTask$AdaptedCallable done

Classes unloaded (7 events):
Event: 13.591 Thread 0x0000020b351eebd0 Unloading class 0x0000020b4b19a400 'java/lang/invoke/LambdaForm$MH+0x0000020b4b19a400'
Event: 13.591 Thread 0x0000020b351eebd0 Unloading class 0x0000020b4b19a000 'java/lang/invoke/LambdaForm$MH+0x0000020b4b19a000'
Event: 13.591 Thread 0x0000020b351eebd0 Unloading class 0x0000020b4b199c00 'java/lang/invoke/LambdaForm$MH+0x0000020b4b199c00'
Event: 13.591 Thread 0x0000020b351eebd0 Unloading class 0x0000020b4b199800 'java/lang/invoke/LambdaForm$MH+0x0000020b4b199800'
Event: 13.591 Thread 0x0000020b351eebd0 Unloading class 0x0000020b4b199400 'java/lang/invoke/LambdaForm$BMH+0x0000020b4b199400'
Event: 13.591 Thread 0x0000020b351eebd0 Unloading class 0x0000020b4b199000 'java/lang/invoke/LambdaForm$DMH+0x0000020b4b199000'
Event: 13.591 Thread 0x0000020b351eebd0 Unloading class 0x0000020b4b193c00 'java/lang/invoke/LambdaForm$DMH+0x0000020b4b193c00'

Classes redefined (0 events):
No events

Internal exceptions (20 events):
Event: 52.263 Thread 0x0000020b8bd06e10 Exception <a 'sun/nio/fs/WindowsException'{0x00000000eab7f6d0}> (0x00000000eab7f6d0) 
thrown [s\src\hotspot\share\prims\jni.cpp, line 520]
Event: 52.272 Thread 0x0000020b8bd06e10 Exception <a 'java/io/FileNotFoundException'{0x00000000eab96d00}> (0x00000000eab96d00) 
thrown [s\src\hotspot\share\prims\jni.cpp, line 520]
Event: 52.273 Thread 0x0000020b8bd06e10 Exception <a 'java/io/FileNotFoundException'{0x00000000eab97ad8}> (0x00000000eab97ad8) 
thrown [s\src\hotspot\share\prims\jni.cpp, line 520]
Event: 52.291 Thread 0x0000020b8bd06e10 Exception <a 'sun/nio/fs/WindowsException'{0x00000000eac014d0}> (0x00000000eac014d0) 
thrown [s\src\hotspot\share\prims\jni.cpp, line 520]
Event: 52.291 Thread 0x0000020b8bd06e10 Exception <a 'sun/nio/fs/WindowsException'{0x00000000eac01b00}> (0x00000000eac01b00) 
thrown [s\src\hotspot\share\prims\jni.cpp, line 520]
Event: 52.438 Thread 0x0000020b8bd06e10 Exception <a 'sun/nio/fs/WindowsException'{0x00000000eae06da0}> (0x00000000eae06da0) 
thrown [s\src\hotspot\share\prims\jni.cpp, line 520]
Event: 52.438 Thread 0x0000020b8bd06e10 Exception <a 'sun/nio/fs/WindowsException'{0x00000000eae073d0}> (0x00000000eae073d0) 
thrown [s\src\hotspot\share\prims\jni.cpp, line 520]
Event: 52.442 Thread 0x0000020b8bd06e10 Exception <a 'sun/nio/fs/WindowsException'{0x00000000eae08038}> (0x00000000eae08038) 
thrown [s\src\hotspot\share\prims\jni.cpp, line 520]
Event: 52.442 Thread 0x0000020b8bd06e10 Exception <a 'sun/nio/fs/WindowsException'{0x00000000eae08668}> (0x00000000eae08668) 
thrown [s\src\hotspot\share\prims\jni.cpp, line 520]
Event: 52.443 Thread 0x0000020b8bd06e10 Exception <a 'sun/nio/fs/WindowsException'{0x00000000eae25828}> (0x00000000eae25828) 
thrown [s\src\hotspot\share\prims\jni.cpp, line 520]
Event: 52.443 Thread 0x0000020b8bd06e10 Exception <a 'sun/nio/fs/WindowsException'{0x00000000eae25e58}> (0x00000000eae25e58) 
thrown [s\src\hotspot\share\prims\jni.cpp, line 520]
Event: 52.484 Thread 0x0000020b8bd04d40 Exception <a 'java/lang/NoSuchMethodError'{0x00000000eafb6788}: 'java.lang.Object java.lang.invoke.DirectMethodHandle$Holder.invokeSpecial(java.lang.Object, java.lang.Object, int, long)'> (0x00000000eafb6788) 
thrown [s\src\hotspot\share\interpreter\linkResolver.cpp, line 773]
Event: 52.559 Thread 0x0000020b9285e900 Exception <a 'java/lang/IncompatibleClassChangeError'{0x00000000eb1ed120}: Found class java.lang.Object, but interface was expected> (0x00000000eb1ed120) 
thrown [s\src\hotspot\share\interpreter\linkResolver.cpp, line 840]
Event: 52.584 Thread 0x0000020b8bd06e10 Exception <a 'sun/nio/fs/WindowsException'{0x00000000eaf31708}> (0x00000000eaf31708) 
thrown [s\src\hotspot\share\prims\jni.cpp, line 520]
Event: 52.584 Thread 0x0000020b8bd06e10 Exception <a 'sun/nio/fs/WindowsException'{0x00000000eaf31d38}> (0x00000000eaf31d38) 
thrown [s\src\hotspot\share\prims\jni.cpp, line 520]
Event: 52.586 Thread 0x0000020b8bd06e10 Exception <a 'sun/nio/fs/WindowsException'{0x00000000eaf329a0}> (0x00000000eaf329a0) 
thrown [s\src\hotspot\share\prims\jni.cpp, line 520]
Event: 52.587 Thread 0x0000020b8bd06e10 Exception <a 'sun/nio/fs/WindowsException'{0x00000000eaf32fd0}> (0x00000000eaf32fd0) 
thrown [s\src\hotspot\share\prims\jni.cpp, line 520]
Event: 52.589 Thread 0x0000020b8bd06e10 Exception <a 'sun/nio/fs/WindowsException'{0x00000000eaf34320}> (0x00000000eaf34320) 
thrown [s\src\hotspot\share\prims\jni.cpp, line 520]
Event: 52.589 Thread 0x0000020b8bd06e10 Exception <a 'sun/nio/fs/WindowsException'{0x00000000eaf34950}> (0x00000000eaf34950) 
thrown [s\src\hotspot\share\prims\jni.cpp, line 520]
Event: 52.623 Thread 0x0000020b92b4beb0 Exception <a 'java/lang/IncompatibleClassChangeError'{0x00000000eb279050}: Found class java.lang.Object, but interface was expected> (0x00000000eb279050) 
thrown [s\src\hotspot\share\interpreter\linkResolver.cpp, line 840]

ZGC Phase Switch (0 events):
No events

VM Operations (20 events):
Event: 52.395 Executing VM operation: HandshakeAllThreads (Deoptimize)
Event: 52.414 Executing VM operation: HandshakeAllThreads (Deoptimize) done
Event: 52.792 Executing VM operation: ParallelGCFailedAllocation (Allocation Failure)
Event: 52.809 Executing VM operation: ParallelGCFailedAllocation (Allocation Failure) done
Event: 53.694 Executing VM operation: ParallelGCFailedAllocation (Allocation Failure)
Event: 53.701 Executing VM operation: ParallelGCFailedAllocation (Allocation Failure) done
Event: 53.861 Executing VM operation: ParallelGCFailedAllocation (Allocation Failure)
Event: 53.866 Executing VM operation: ParallelGCFailedAllocation (Allocation Failure) done
Event: 53.935 Executing VM operation: HandshakeAllThreads (Deoptimize)
Event: 53.945 Executing VM operation: HandshakeAllThreads (Deoptimize) done
Event: 53.947 Executing VM operation: HandshakeAllThreads (Deoptimize)
Event: 53.995 Executing VM operation: HandshakeAllThreads (Deoptimize) done
Event: 54.058 Executing VM operation: ParallelGCFailedAllocation (Allocation Failure)
Event: 54.063 Executing VM operation: ParallelGCFailedAllocation (Allocation Failure) done
Event: 54.293 Executing VM operation: ParallelGCFailedAllocation (Allocation Failure)
Event: 54.300 Executing VM operation: ParallelGCFailedAllocation (Allocation Failure) done
Event: 54.450 Executing VM operation: ParallelGCFailedAllocation (Allocation Failure)
Event: 54.459 Executing VM operation: ParallelGCFailedAllocation (Allocation Failure) done
Event: 54.576 Executing VM operation: ParallelGCFailedAllocation (Allocation Failure)
Event: 54.586 Executing VM operation: ParallelGCFailedAllocation (Allocation Failure) done

Memory protections (0 events):
No events

Nmethod flushes (20 events):
Event: 52.037 Thread 0x0000020b351eebd0 flushing osr nmethod 0x0000020b38c36f90
Event: 52.037 Thread 0x0000020b351eebd0 flushing  nmethod 0x0000020b38c3ed90
Event: 52.037 Thread 0x0000020b351eebd0 flushing  nmethod 0x0000020b38c57890
Event: 52.037 Thread 0x0000020b351eebd0 flushing  nmethod 0x0000020b38c59e90
Event: 52.037 Thread 0x0000020b351eebd0 flushing  nmethod 0x0000020b38c5df10
Event: 52.037 Thread 0x0000020b351eebd0 flushing  nmethod 0x0000020b38c6a910
Event: 52.037 Thread 0x0000020b351eebd0 flushing  nmethod 0x0000020b38c6c010
Event: 52.037 Thread 0x0000020b351eebd0 flushing  nmethod 0x0000020b38c75a90
Event: 52.037 Thread 0x0000020b351eebd0 flushing  nmethod 0x0000020b38c75f10
Event: 52.037 Thread 0x0000020b351eebd0 flushing  nmethod 0x0000020b38c77110
Event: 52.037 Thread 0x0000020b351eebd0 flushing  nmethod 0x0000020b38c7e890
Event: 52.037 Thread 0x0000020b351eebd0 flushing  nmethod 0x0000020b38ca8990
Event: 52.037 Thread 0x0000020b351eebd0 flushing  nmethod 0x0000020b38ca9d90
Event: 52.037 Thread 0x0000020b351eebd0 flushing  nmethod 0x0000020b38caa310
Event: 52.037 Thread 0x0000020b351eebd0 flushing  nmethod 0x0000020b38cad810
Event: 52.037 Thread 0x0000020b351eebd0 flushing  nmethod 0x0000020b38cade10
Event: 52.037 Thread 0x0000020b351eebd0 flushing  nmethod 0x0000020b38cae690
Event: 52.037 Thread 0x0000020b351eebd0 flushing  nmethod 0x0000020b38caf210
Event: 52.037 Thread 0x0000020b351eebd0 flushing  nmethod 0x0000020b38cb3390
Event: 52.037 Thread 0x0000020b351eebd0 flushing  nmethod 0x0000020b38cb3710

Events (20 events):
Event: 18.596 Thread 0x0000020b8bcfc680 Thread added: 0x0000020b8bd046b0
Event: 20.179 Thread 0x0000020b8bd06e10 Thread added: 0x0000020b8bd04d40
Event: 21.135 Thread 0x0000020b8bd04d40 Thread added: 0x0000020b8bd05a60
Event: 21.665 Thread 0x0000020b3511dd00 Thread added: 0x0000020b92b4ab00
Event: 21.667 Thread 0x0000020b3511dd00 Thread added: 0x0000020b92b490c0
Event: 21.668 Thread 0x0000020b3511dd00 Thread added: 0x0000020b92b49750
Event: 21.668 Thread 0x0000020b3511dd00 Thread added: 0x0000020b92b49de0
Event: 21.668 Thread 0x0000020b3511dd00 Thread added: 0x0000020b92b4b190
Event: 21.891 Thread 0x0000020b3511dd00 Thread added: 0x0000020b92b4a470
Event: 23.311 Thread 0x0000020b3511dd00 Thread added: 0x0000020b92b4b820
Event: 23.311 Thread 0x0000020b3511dd00 Thread added: 0x0000020b92b4beb0
Event: 44.974 Thread 0x0000020b8bd06780 Thread added: 0x0000020b9285b480
Event: 44.974 Thread 0x0000020b8bd06780 Thread added: 0x0000020b92858690
Event: 48.164 Thread 0x0000020b8bd06780 Thread added: 0x0000020b92858d20
Event: 49.406 Thread 0x0000020b8bd06780 Thread added: 0x0000020b9285a0d0
Event: 49.643 Thread 0x0000020b8bd06780 Thread added: 0x0000020b9285dbe0
Event: 51.672 Thread 0x0000020b92b4beb0 Thread added: 0x0000020b9285e900
Event: 51.682 Thread 0x0000020b92b4beb0 Thread added: 0x0000020b9285adf0
Event: 51.800 Thread 0x0000020b92b4beb0 Thread added: 0x0000020b9285d550
Event: 52.462 Thread 0x0000020b8bd06780 Thread added: 0x0000020b92858000


Dynamic libraries:
0x00007ff659060000 - 0x00007ff65906e000 	c:\Users\MINEDUCYT\.vscode\extensions\redhat.java-1.41.1-win32-x64\jre\21.0.6-win32-x86_64\bin\java.exe
0x00007ffbb94d0000 - 0x00007ffbb96c8000 	C:\WINDOWS\SYSTEM32\ntdll.dll
0x00007ffbb9310000 - 0x00007ffbb93d2000 	C:\WINDOWS\System32\KERNEL32.DLL
0x00007ffbb6de0000 - 0x00007ffbb70d6000 	C:\WINDOWS\System32\KERNELBASE.dll
0x00007ffbb6b60000 - 0x00007ffbb6c60000 	C:\WINDOWS\System32\ucrtbase.dll
0x00007ffb993a0000 - 0x00007ffb993b8000 	c:\Users\MINEDUCYT\.vscode\extensions\redhat.java-1.41.1-win32-x64\jre\21.0.6-win32-x86_64\bin\jli.dll
0x00007ffbb7700000 - 0x00007ffbb789d000 	C:\WINDOWS\System32\USER32.dll
0x00007ffbb72e0000 - 0x00007ffbb7302000 	C:\WINDOWS\System32\win32u.dll
0x00007ffbb78a0000 - 0x00007ffbb78cb000 	C:\WINDOWS\System32\GDI32.dll
0x00007ffbb71c0000 - 0x00007ffbb72da000 	C:\WINDOWS\System32\gdi32full.dll
0x00007ffbb6cf0000 - 0x00007ffbb6d8d000 	C:\WINDOWS\System32\msvcp_win.dll
0x00007ffb9a680000 - 0x00007ffb9a69e000 	c:\Users\MINEDUCYT\.vscode\extensions\redhat.java-1.41.1-win32-x64\jre\21.0.6-win32-x86_64\bin\VCRUNTIME140.dll
0x00007ffba45f0000 - 0x00007ffba488a000 	C:\WINDOWS\WinSxS\amd64_microsoft.windows.common-controls_6595b64144ccf1df_6.0.19041.4355_none_60b8b9eb71f62e16\COMCTL32.dll
0x00007ffbb8ea0000 - 0x00007ffbb8f3e000 	C:\WINDOWS\System32\msvcrt.dll
0x00007ffbb83a0000 - 0x00007ffbb83cf000 	C:\WINDOWS\System32\IMM32.DLL
0x00007ffbb05c0000 - 0x00007ffbb05cc000 	c:\Users\MINEDUCYT\.vscode\extensions\redhat.java-1.41.1-win32-x64\jre\21.0.6-win32-x86_64\bin\vcruntime140_1.dll
0x00007ffb91680000 - 0x00007ffb9170d000 	c:\Users\MINEDUCYT\.vscode\extensions\redhat.java-1.41.1-win32-x64\jre\21.0.6-win32-x86_64\bin\msvcp140.dll
0x00007ffb76db0000 - 0x00007ffb77b40000 	c:\Users\MINEDUCYT\.vscode\extensions\redhat.java-1.41.1-win32-x64\jre\21.0.6-win32-x86_64\bin\server\jvm.dll
0x00007ffbb8670000 - 0x00007ffbb871f000 	C:\WINDOWS\System32\ADVAPI32.dll
0x00007ffbb93e0000 - 0x00007ffbb947f000 	C:\WINDOWS\System32\sechost.dll
0x00007ffbb8f40000 - 0x00007ffbb9063000 	C:\WINDOWS\System32\RPCRT4.dll
0x00007ffbb7190000 - 0x00007ffbb71b7000 	C:\WINDOWS\System32\bcrypt.dll
0x00007ffbb8e10000 - 0x00007ffbb8e7b000 	C:\WINDOWS\System32\WS2_32.dll
0x00007ffbb6570000 - 0x00007ffbb65bb000 	C:\WINDOWS\SYSTEM32\POWRPROF.dll
0x00007ffba20b0000 - 0x00007ffba20d7000 	C:\WINDOWS\SYSTEM32\WINMM.dll
0x00007ffbaf640000 - 0x00007ffbaf64a000 	C:\WINDOWS\SYSTEM32\VERSION.dll
0x00007ffbb6550000 - 0x00007ffbb6562000 	C:\WINDOWS\SYSTEM32\UMPDC.dll
0x00007ffbb5340000 - 0x00007ffbb5352000 	C:\WINDOWS\SYSTEM32\kernel.appcore.dll
0x00007ffbaec10000 - 0x00007ffbaec1a000 	c:\Users\MINEDUCYT\.vscode\extensions\redhat.java-1.41.1-win32-x64\jre\21.0.6-win32-x86_64\bin\jimage.dll
0x00007ffbb5060000 - 0x00007ffbb5244000 	C:\WINDOWS\SYSTEM32\DBGHELP.DLL
0x00007ffb935c0000 - 0x00007ffb935f4000 	C:\WINDOWS\SYSTEM32\dbgcore.DLL
0x00007ffbb6c60000 - 0x00007ffbb6ce2000 	C:\WINDOWS\System32\bcryptPrimitives.dll
0x00007ffbabe10000 - 0x00007ffbabe1f000 	c:\Users\MINEDUCYT\.vscode\extensions\redhat.java-1.41.1-win32-x64\jre\21.0.6-win32-x86_64\bin\instrument.dll
0x00007ffb98ae0000 - 0x00007ffb98aff000 	c:\Users\MINEDUCYT\.vscode\extensions\redhat.java-1.41.1-win32-x64\jre\21.0.6-win32-x86_64\bin\java.dll
0x00007ffbb7c30000 - 0x00007ffbb839f000 	C:\WINDOWS\System32\SHELL32.dll
0x00007ffbb47e0000 - 0x00007ffbb4f83000 	C:\WINDOWS\SYSTEM32\windows.storage.dll
0x00007ffbb78d0000 - 0x00007ffbb7c25000 	C:\WINDOWS\System32\combase.dll
0x00007ffbb63e0000 - 0x00007ffbb640b000 	C:\WINDOWS\SYSTEM32\Wldp.dll
0x00007ffbb8cc0000 - 0x00007ffbb8d8d000 	C:\WINDOWS\System32\OLEAUT32.dll
0x00007ffbb8490000 - 0x00007ffbb853d000 	C:\WINDOWS\System32\SHCORE.dll
0x00007ffbb8430000 - 0x00007ffbb8485000 	C:\WINDOWS\System32\shlwapi.dll
0x00007ffbb6a90000 - 0x00007ffbb6ab5000 	C:\WINDOWS\SYSTEM32\profapi.dll
0x00007ffb95070000 - 0x00007ffb95088000 	c:\Users\MINEDUCYT\.vscode\extensions\redhat.java-1.41.1-win32-x64\jre\21.0.6-win32-x86_64\bin\zip.dll
0x00007ffbabdd0000 - 0x00007ffbabde0000 	C:\Users\MINEDUCYT\.vscode\extensions\redhat.java-1.41.1-win32-x64\jre\21.0.6-win32-x86_64\bin\net.dll
0x00007ffba75f0000 - 0x00007ffba76fa000 	C:\WINDOWS\SYSTEM32\WINHTTP.dll
0x00007ffbb61c0000 - 0x00007ffbb622c000 	C:\WINDOWS\system32\mswsock.dll
0x00007ffb94910000 - 0x00007ffb94926000 	C:\Users\MINEDUCYT\.vscode\extensions\redhat.java-1.41.1-win32-x64\jre\21.0.6-win32-x86_64\bin\nio.dll
0x00007ffba4500000 - 0x00007ffba4510000 	c:\Users\MINEDUCYT\.vscode\extensions\redhat.java-1.41.1-win32-x64\jre\21.0.6-win32-x86_64\bin\verify.dll
0x00007ffb92090000 - 0x00007ffb920d5000 	C:\Users\MINEDUCYT\AppData\Roaming\Code\User\globalStorage\redhat.java\1.41.1\config_win\org.eclipse.equinox.launcher\org.eclipse.equinox.launcher.win32.win32.x86_64_1.2.1300.v20250331-1702\eclipse_11911.dll
0x00007ffbb74f0000 - 0x00007ffbb761b000 	C:\WINDOWS\System32\ole32.dll
0x00007ffbb6470000 - 0x00007ffbb6488000 	C:\WINDOWS\SYSTEM32\CRYPTSP.dll
0x00007ffbb5b00000 - 0x00007ffbb5b38000 	C:\WINDOWS\system32\rsaenh.dll
0x00007ffbb6a50000 - 0x00007ffbb6a7e000 	C:\WINDOWS\SYSTEM32\USERENV.dll
0x00007ffbb6350000 - 0x00007ffbb635c000 	C:\WINDOWS\SYSTEM32\CRYPTBASE.dll
0x00007ffbb5ec0000 - 0x00007ffbb5efb000 	C:\WINDOWS\SYSTEM32\IPHLPAPI.DLL
0x00007ffbb8540000 - 0x00007ffbb8548000 	C:\WINDOWS\System32\NSI.dll
0x00007ffb949f0000 - 0x00007ffb94a39000 	C:\Users\MINEDUCYT\AppData\Local\Temp\jna--812283910\jna13360549053841026046.dll
0x00007ffbb9480000 - 0x00007ffbb9488000 	C:\WINDOWS\System32\PSAPI.DLL
0x00007ffbac7e0000 - 0x00007ffbac7f7000 	C:\WINDOWS\SYSTEM32\dhcpcsvc6.DLL
0x00007ffbae6d0000 - 0x00007ffbae6ed000 	C:\WINDOWS\SYSTEM32\dhcpcsvc.DLL

dbghelp: loaded successfully - version: 4.0.5 - missing functions: none
symbol engine: initialized successfully - sym options: 0x614 - pdb path: .;c:\Users\MINEDUCYT\.vscode\extensions\redhat.java-1.41.1-win32-x64\jre\21.0.6-win32-x86_64\bin;C:\WINDOWS\SYSTEM32;C:\WINDOWS\WinSxS\amd64_microsoft.windows.common-controls_6595b64144ccf1df_6.0.19041.4355_none_60b8b9eb71f62e16;c:\Users\MINEDUCYT\.vscode\extensions\redhat.java-1.41.1-win32-x64\jre\21.0.6-win32-x86_64\bin\server;C:\Users\MINEDUCYT\AppData\Roaming\Code\User\globalStorage\redhat.java\1.41.1\config_win\org.eclipse.equinox.launcher\org.eclipse.equinox.launcher.win32.win32.x86_64_1.2.1300.v20250331-1702;C:\Users\MINEDUCYT\AppData\Local\Temp\jna--812283910

VM Arguments:
jvm_args: --add-modules=ALL-SYSTEM --add-opens=java.base/java.util=ALL-UNNAMED --add-opens=java.base/java.lang=ALL-UNNAMED --add-opens=java.base/sun.nio.fs=ALL-UNNAMED -Declipse.application=org.eclipse.jdt.ls.core.id1 -Dosgi.bundles.defaultStartLevel=4 -Declipse.product=org.eclipse.jdt.ls.core.product -Djava.import.generatesMetadataFilesAtProjectRoot=false -DDetectVMInstallationsJob.disabled=true -Dfile.encoding=utf8 -XX:+UseParallelGC -XX:GCTimeRatio=4 -XX:AdaptiveSizePolicyWeight=90 -Dsun.zip.disableMemoryMapping=true -Xmx1G -Xms100m -Xlog:disable -javaagent:c:\Users\MINEDUCYT\.vscode\extensions\redhat.java-1.41.1-win32-x64\lombok\lombok-1.18.36.jar -XX:+HeapDumpOnOutOfMemoryError -XX:HeapDumpPath=c:\Users\MINEDUCYT\AppData\Roaming\Code\User\workspaceStorage\dcaa39590b8e13a353bdcb9ce0e59f49\redhat.java -Daether.dependencyCollector.impl=bf 
java_command: c:\Users\MINEDUCYT\.vscode\extensions\redhat.java-1.41.1-win32-x64\server\plugins\org.eclipse.equinox.launcher_1.7.0.v20250331-1702.jar -configuration c:\Users\MINEDUCYT\AppData\Roaming\Code\User\globalStorage\redhat.java\1.41.1\config_win -data c:\Users\MINEDUCYT\AppData\Roaming\Code\User\workspaceStorage\dcaa39590b8e13a353bdcb9ce0e59f49\redhat.java\jdt_ws --pipe=\\.\pipe\lsp-4e8b181ffa629f15a169cc1d807acc26-sock
java_class_path (initial): c:\Users\MINEDUCYT\.vscode\extensions\redhat.java-1.41.1-win32-x64\server\plugins\org.eclipse.equinox.launcher_1.7.0.v20250331-1702.jar
Launcher Type: SUN_STANDARD

[Global flags]
    uintx AdaptiveSizePolicyWeight                 = 90                                        {product} {command line}
     intx CICompilerCount                          = 3                                         {product} {ergonomic}
    uintx GCTimeRatio                              = 4                                         {product} {command line}
     bool HeapDumpOnOutOfMemoryError               = true                                   {manageable} {command line}
    ccstr HeapDumpPath                             = c:\Users\MINEDUCYT\AppData\Roaming\Code\User\workspaceStorage\dcaa39590b8e13a353bdcb9ce0e59f49\redhat.java         {manageable} {command line}
   size_t InitialHeapSize                          = 104857600                                 {product} {command line}
   size_t MaxHeapSize                              = 1073741824                                {product} {command line}
   size_t MaxNewSize                               = 357564416                                 {product} {ergonomic}
   size_t MinHeapDeltaBytes                        = 524288                                    {product} {ergonomic}
   size_t MinHeapSize                              = 104857600                                 {product} {command line}
   size_t NewSize                                  = 34603008                                  {product} {ergonomic}
    uintx NonNMethodCodeHeapSize                   = 5832780                                {pd product} {ergonomic}
    uintx NonProfiledCodeHeapSize                  = 122912730                              {pd product} {ergonomic}
   size_t OldSize                                  = 70254592                                  {product} {ergonomic}
    uintx ProfiledCodeHeapSize                     = 122912730                              {pd product} {ergonomic}
    uintx ReservedCodeCacheSize                    = 251658240                              {pd product} {ergonomic}
     bool SegmentedCodeCache                       = true                                      {product} {ergonomic}
   size_t SoftMaxHeapSize                          = 1073741824                             {manageable} {ergonomic}
     bool UseCompressedOops                        = true                           {product lp64_product} {ergonomic}
     bool UseLargePagesIndividualAllocation        = false                                  {pd product} {ergonomic}
     bool UseParallelGC                            = true                                      {product} {command line}

Logging:
Log output configuration:
 #0: stdout all=off uptime,level,tags foldmultilines=false
 #1: stderr all=off uptime,level,tags foldmultilines=false

Environment Variables:
PATH=C:\Program Files\Common Files\Oracle\Java\javapath;C:\WINDOWS\system32;C:\WINDOWS;C:\WINDOWS\System32\Wbem;C:\WINDOWS\System32\WindowsPowerShell\v1.0\;C:\WINDOWS\System32\OpenSSH\;C:\Program Files\Docker\Docker\resources\bin;C:\Program Files\apache-maven-3.9.9\bin;C:\Users\MINEDUCYT\AppData\Local\Microsoft\WindowsApps;;C:\Users\MINEDUCYT\AppData\Local\Programs\Microsoft VS Code\bin
USERNAME=MINEDUCYT
OS=Windows_NT
PROCESSOR_IDENTIFIER=Intel64 Family 6 Model 122 Stepping 8, GenuineIntel
TMP=C:\Users\MINEDU~1\AppData\Local\Temp
TEMP=C:\Users\MINEDU~1\AppData\Local\Temp




Periodic native trim disabled

---------------  S Y S T E M  ---------------

OS:
 Windows 10 , 64 bit Build 19041 (10.0.19041.5678)
OS uptime: 0 days 17:06 hours
Hyper-V role detected

CPU: total 4 (initial active 4) (4 cores per cpu, 1 threads per core) family 6 model 122 stepping 8 microcode 0x16, cx8, cmov, fxsr, mmx, 3dnowpref, sse, sse2, sse3, ssse3, sse4.1, sse4.2, popcnt, tsc, tscinvbit, aes, erms, clmul, sha, clflush, clflushopt, hv, rdtscp, rdpid
Processor Information for the first 4 processors :
  Max Mhz: 1101, Current Mhz: 1101, Mhz Limit: 1101

Memory: 4k page, system-wide physical 3917M (248M free)
TotalPageFile size 15693M (AvailPageFile size 3M)
current process WorkingSet (physical memory assigned to process): 297M, peak: 298M
current process commit charge ("private bytes"): 335M, peak: 338M

vm_info: OpenJDK 64-Bit Server VM (21.0.6+7-LTS) for windows-amd64 JRE (21.0.6+7-LTS), built on 2025-01-21T00:00:00Z by "admin" with MS VC++ 17.7 (VS2022)

END.
